#
# There is insufficient memory for the Java Runtime Environment to continue.
# Native memory allocation (malloc) failed to allocate 121632 bytes for Chunk::new
# Possible reasons:
#   The system is out of physical RAM or swap space
#   The process is running with CompressedOops enabled, and the Java Heap may be blocking the growth of the native heap
# Possible solutions:
#   Reduce memory load on the system
#   Increase physical memory or swap space
#   Check if swap backing store is full
#   Decrease Java heap size (-Xmx/-Xms)
#   Decrease number of Java threads
#   Decrease Java thread stack sizes (-Xss)
#   Set larger code cache with -XX:ReservedCodeCacheSize=
#   JVM is running with Unscaled Compressed Oops mode in which the Java heap is
#     placed in the first 4GB address space. The Java Heap base address is the
#     maximum limit for the native heap growth. Please use -XX:HeapBaseMinAddress
#     to set the Java Heap base and to place the Java Heap above 4GB virtual address.
# This output file may be truncated or incomplete.
#
#  Out of Memory Error (arena.cpp:189), pid=352, tid=11940
#
# JRE version: Java(TM) SE Runtime Environment (17.0.8+9) (build 17.0.8+9-LTS-211)
# Java VM: Java HotSpot(TM) 64-Bit Server VM (17.0.8+9-LTS-211, mixed mode, sharing, tiered, compressed oops, compressed class ptrs, g1 gc, windows-amd64)
# No core dump will be written. Minidumps are not enabled by default on client versions of Windows
#

---------------  S U M M A R Y ------------

Command Line: -javaagent:C:\Program Files\JetBrains\IntelliJ IDEA Educational Edition 2022.2.2\lib\idea_rt.jar=62178:C:\Program Files\JetBrains\IntelliJ IDEA Educational Edition 2022.2.2\bin -Dfile.encoding=UTF-8 com.lira.msclientes.MsclientesApplication

Host: AMD Ryzen 7 5700U with Radeon Graphics         , 16 cores, 5G,  Windows 11 , 64 bit Build 22621 (10.0.22621.2506)
Time: Thu Dec 28 06:07:01 2023 Hora Padrão da Bahia elapsed time: 0.760377 seconds (0d 0h 0m 0s)

---------------  T H R E A D  ---------------

Current thread (0x00000200e321a600):  JavaThread "C2 CompilerThread1" daemon [_thread_in_native, id=11940, stack(0x000000cf75300000,0x000000cf75400000)]


Current CompileTask:
C2:    760  417       4       java.util.jar.Manifest$FastInputStream::readLine (296 bytes)

Stack: [0x000000cf75300000,0x000000cf75400000]
Native frames: (J=compiled Java code, j=interpreted, Vv=VM code, C=native code)
V  [jvm.dll+0x677d0a]
V  [jvm.dll+0x7d8c54]
V  [jvm.dll+0x7da3fe]
V  [jvm.dll+0x7daa63]
V  [jvm.dll+0x245c5f]
V  [jvm.dll+0xaaa6b]
V  [jvm.dll+0xab00c]
V  [jvm.dll+0x361e8e]
V  [jvm.dll+0x32c551]
V  [jvm.dll+0x32b9ea]
V  [jvm.dll+0x217fff]
V  [jvm.dll+0x217431]
V  [jvm.dll+0x1a3af0]
V  [jvm.dll+0x2270be]
V  [jvm.dll+0x22535b]
V  [jvm.dll+0x78e7bc]
V  [jvm.dll+0x788bba]
V  [jvm.dll+0x676b35]
C  [ucrtbase.dll+0x29363]
C  [KERNEL32.DLL+0x1257d]
C  [ntdll.dll+0x5aa58]


---------------  P R O C E S S  ---------------

Threads class SMR info:
_java_thread_list=0x00000200e343ebf0, length=17, elements={
0x00000200ffe8ec10, 0x000002009dea3ce0, 0x000002009dea4b50, 0x000002009deb71f0,
0x000002009deb7da0, 0x000002009deba760, 0x000002009debb110, 0x000002009debf3a0,
0x000002009dec8d70, 0x000002009ded4250, 0x000002009de89fd0, 0x00000200e31ba980,
0x00000200e31baf40, 0x00000200e31bb500, 0x00000200e321a600, 0x00000200e3578be0,
0x00000200e33ca190
}

Java Threads: ( => current thread )
  0x00000200ffe8ec10 JavaThread "main" [_thread_in_vm, id=24148, stack(0x000000cf73f00000,0x000000cf74000000)]
  0x000002009dea3ce0 JavaThread "Reference Handler" daemon [_thread_blocked, id=9004, stack(0x000000cf74600000,0x000000cf74700000)]
  0x000002009dea4b50 JavaThread "Finalizer" daemon [_thread_blocked, id=20736, stack(0x000000cf74700000,0x000000cf74800000)]
  0x000002009deb71f0 JavaThread "Signal Dispatcher" daemon [_thread_blocked, id=36720, stack(0x000000cf74800000,0x000000cf74900000)]
  0x000002009deb7da0 JavaThread "Attach Listener" daemon [_thread_blocked, id=46856, stack(0x000000cf74900000,0x000000cf74a00000)]
  0x000002009deba760 JavaThread "Service Thread" daemon [_thread_blocked, id=41716, stack(0x000000cf74a00000,0x000000cf74b00000)]
  0x000002009debb110 JavaThread "Monitor Deflation Thread" daemon [_thread_blocked, id=30564, stack(0x000000cf74b00000,0x000000cf74c00000)]
  0x000002009debf3a0 JavaThread "C2 CompilerThread0" daemon [_thread_blocked, id=18364, stack(0x000000cf74c00000,0x000000cf74d00000)]
  0x000002009dec8d70 JavaThread "C1 CompilerThread0" daemon [_thread_blocked, id=5628, stack(0x000000cf74d00000,0x000000cf74e00000)]
  0x000002009ded4250 JavaThread "Sweeper thread" daemon [_thread_blocked, id=30380, stack(0x000000cf74e00000,0x000000cf74f00000)]
  0x000002009de89fd0 JavaThread "Common-Cleaner" daemon [_thread_blocked, id=24140, stack(0x000000cf74f00000,0x000000cf75000000)]
  0x00000200e31ba980 JavaThread "C1 CompilerThread1" daemon [_thread_blocked, id=4472, stack(0x000000cf75000000,0x000000cf75100000)]
  0x00000200e31baf40 JavaThread "C1 CompilerThread2" daemon [_thread_blocked, id=41820, stack(0x000000cf75100000,0x000000cf75200000)]
  0x00000200e31bb500 JavaThread "C1 CompilerThread3" daemon [_thread_blocked, id=47036, stack(0x000000cf75200000,0x000000cf75300000)]
=>0x00000200e321a600 JavaThread "C2 CompilerThread1" daemon [_thread_in_native, id=11940, stack(0x000000cf75300000,0x000000cf75400000)]
  0x00000200e3578be0 JavaThread "Monitor Ctrl-Break" daemon [_thread_in_native, id=32892, stack(0x000000cf75400000,0x000000cf75500000)]
  0x00000200e33ca190 JavaThread "Notification Thread" daemon [_thread_blocked, id=9160, stack(0x000000cf75500000,0x000000cf75600000)]

Other Threads:
  0x000002009de99cc0 VMThread "VM Thread" [stack: 0x000000cf74500000,0x000000cf74600000] [id=13928]
  0x00000200fff03520 WatcherThread [stack: 0x000000cf75600000,0x000000cf75700000] [id=9992]
  0x00000200ffedc050 GCTaskThread "GC Thread#0" [stack: 0x000000cf74000000,0x000000cf74100000] [id=41824]
  0x00000200ffee8b50 ConcurrentGCThread "G1 Main Marker" [stack: 0x000000cf74100000,0x000000cf74200000] [id=6772]
  0x00000200ffeead10 ConcurrentGCThread "G1 Conc#0" [stack: 0x000000cf74200000,0x000000cf74300000] [id=42248]
  0x00000200fff441c0 ConcurrentGCThread "G1 Refine#0" [stack: 0x000000cf74300000,0x000000cf74400000] [id=42956]
  0x00000200fff44be0 ConcurrentGCThread "G1 Service" [stack: 0x000000cf74400000,0x000000cf74500000] [id=376]

Threads with active compile tasks:
C2 CompilerThread1      824  417       4       java.util.jar.Manifest$FastInputStream::readLine (296 bytes)

VM state: not at safepoint (normal execution)

VM Mutex/Monitor currently owned by a thread:  ([mutex/lock_event])
[0x00000200ffe895d0] Metaspace_lock - owner thread: 0x00000200ffe8ec10

Heap address: 0x00000000a2200000, size: 1502 MB, Compressed Oops mode: 32-bit

CDS archive(s) mapped at: [0x000002009e000000-0x000002009ebd0000-0x000002009ebd0000), size 12386304, SharedBaseAddress: 0x000002009e000000, ArchiveRelocationMode: 1.
Compressed class space mapped at: 0x000002009f000000-0x00000200df000000, reserved size: 1073741824
Narrow klass base: 0x000002009e000000, Narrow klass shift: 0, Narrow klass range: 0x100000000

GC Precious Log:
 CPUs: 16 total, 16 available
 Memory: 6005M
 Large Page Support: Disabled
 NUMA Support: Disabled
 Compressed Oops: Enabled (32-bit)
 Heap Region Size: 1M
 Heap Min Capacity: 8M
 Heap Initial Capacity: 94M
 Heap Max Capacity: 1502M
 Pre-touch: Disabled
 Parallel Workers: 13
 Concurrent Workers: 3
 Concurrent Refinement Workers: 13
 Periodic GC: Disabled

Heap:
 garbage-first heap   total 96256K, used 9216K [0x00000000a2200000, 0x0000000100000000)
  region size 1024K, 10 young (10240K), 0 survivors (0K)
 Metaspace       used 1142K, committed 1216K, reserved 1114112K
  class space    used 81K, committed 128K, reserved 1048576K

Heap Regions: E=young(eden), S=young(survivor), O=old, HS=humongous(starts), HC=humongous(continues), CS=collection set, F=free, OA=open archive, CA=closed archive, TAMS=top-at-mark-start (previous, next)
|   0|0x00000000a2200000, 0x00000000a2300000, 0x00000000a2300000|100%|HS|  |TAMS 0x00000000a2200000, 0x00000000a2200000| Complete 
|   1|0x00000000a2300000, 0x00000000a2300000, 0x00000000a2400000|  0%| F|  |TAMS 0x00000000a2300000, 0x00000000a2300000| Untracked 
|   2|0x00000000a2400000, 0x00000000a2400000, 0x00000000a2500000|  0%| F|  |TAMS 0x00000000a2400000, 0x00000000a2400000| Untracked 
|   3|0x00000000a2500000, 0x00000000a2500000, 0x00000000a2600000|  0%| F|  |TAMS 0x00000000a2500000, 0x00000000a2500000| Untracked 
|   4|0x00000000a2600000, 0x00000000a2600000, 0x00000000a2700000|  0%| F|  |TAMS 0x00000000a2600000, 0x00000000a2600000| Untracked 
|   5|0x00000000a2700000, 0x00000000a2700000, 0x00000000a2800000|  0%| F|  |TAMS 0x00000000a2700000, 0x00000000a2700000| Untracked 
|   6|0x00000000a2800000, 0x00000000a2800000, 0x00000000a2900000|  0%| F|  |TAMS 0x00000000a2800000, 0x00000000a2800000| Untracked 
|   7|0x00000000a2900000, 0x00000000a2900000, 0x00000000a2a00000|  0%| F|  |TAMS 0x00000000a2900000, 0x00000000a2900000| Untracked 
|   8|0x00000000a2a00000, 0x00000000a2a00000, 0x00000000a2b00000|  0%| F|  |TAMS 0x00000000a2a00000, 0x00000000a2a00000| Untracked 
|   9|0x00000000a2b00000, 0x00000000a2b00000, 0x00000000a2c00000|  0%| F|  |TAMS 0x00000000a2b00000, 0x00000000a2b00000| Untracked 
|  10|0x00000000a2c00000, 0x00000000a2c00000, 0x00000000a2d00000|  0%| F|  |TAMS 0x00000000a2c00000, 0x00000000a2c00000| Untracked 
|  11|0x00000000a2d00000, 0x00000000a2d00000, 0x00000000a2e00000|  0%| F|  |TAMS 0x00000000a2d00000, 0x00000000a2d00000| Untracked 
|  12|0x00000000a2e00000, 0x00000000a2e00000, 0x00000000a2f00000|  0%| F|  |TAMS 0x00000000a2e00000, 0x00000000a2e00000| Untracked 
|  13|0x00000000a2f00000, 0x00000000a2f00000, 0x00000000a3000000|  0%| F|  |TAMS 0x00000000a2f00000, 0x00000000a2f00000| Untracked 
|  14|0x00000000a3000000, 0x00000000a3000000, 0x00000000a3100000|  0%| F|  |TAMS 0x00000000a3000000, 0x00000000a3000000| Untracked 
|  15|0x00000000a3100000, 0x00000000a3100000, 0x00000000a3200000|  0%| F|  |TAMS 0x00000000a3100000, 0x00000000a3100000| Untracked 
|  16|0x00000000a3200000, 0x00000000a3200000, 0x00000000a3300000|  0%| F|  |TAMS 0x00000000a3200000, 0x00000000a3200000| Untracked 
|  17|0x00000000a3300000, 0x00000000a3300000, 0x00000000a3400000|  0%| F|  |TAMS 0x00000000a3300000, 0x00000000a3300000| Untracked 
|  18|0x00000000a3400000, 0x00000000a3400000, 0x00000000a3500000|  0%| F|  |TAMS 0x00000000a3400000, 0x00000000a3400000| Untracked 
|  19|0x00000000a3500000, 0x00000000a3500000, 0x00000000a3600000|  0%| F|  |TAMS 0x00000000a3500000, 0x00000000a3500000| Untracked 
|  20|0x00000000a3600000, 0x00000000a3600000, 0x00000000a3700000|  0%| F|  |TAMS 0x00000000a3600000, 0x00000000a3600000| Untracked 
|  21|0x00000000a3700000, 0x00000000a3700000, 0x00000000a3800000|  0%| F|  |TAMS 0x00000000a3700000, 0x00000000a3700000| Untracked 
|  22|0x00000000a3800000, 0x00000000a3800000, 0x00000000a3900000|  0%| F|  |TAMS 0x00000000a3800000, 0x00000000a3800000| Untracked 
|  23|0x00000000a3900000, 0x00000000a3900000, 0x00000000a3a00000|  0%| F|  |TAMS 0x00000000a3900000, 0x00000000a3900000| Untracked 
|  24|0x00000000a3a00000, 0x00000000a3a00000, 0x00000000a3b00000|  0%| F|  |TAMS 0x00000000a3a00000, 0x00000000a3a00000| Untracked 
|  25|0x00000000a3b00000, 0x00000000a3b00000, 0x00000000a3c00000|  0%| F|  |TAMS 0x00000000a3b00000, 0x00000000a3b00000| Untracked 
|  26|0x00000000a3c00000, 0x00000000a3c00000, 0x00000000a3d00000|  0%| F|  |TAMS 0x00000000a3c00000, 0x00000000a3c00000| Untracked 
|  27|0x00000000a3d00000, 0x00000000a3d00000, 0x00000000a3e00000|  0%| F|  |TAMS 0x00000000a3d00000, 0x00000000a3d00000| Untracked 
|  28|0x00000000a3e00000, 0x00000000a3e00000, 0x00000000a3f00000|  0%| F|  |TAMS 0x00000000a3e00000, 0x00000000a3e00000| Untracked 
|  29|0x00000000a3f00000, 0x00000000a3f00000, 0x00000000a4000000|  0%| F|  |TAMS 0x00000000a3f00000, 0x00000000a3f00000| Untracked 
|  30|0x00000000a4000000, 0x00000000a4000000, 0x00000000a4100000|  0%| F|  |TAMS 0x00000000a4000000, 0x00000000a4000000| Untracked 
|  31|0x00000000a4100000, 0x00000000a4100000, 0x00000000a4200000|  0%| F|  |TAMS 0x00000000a4100000, 0x00000000a4100000| Untracked 
|  32|0x00000000a4200000, 0x00000000a4200000, 0x00000000a4300000|  0%| F|  |TAMS 0x00000000a4200000, 0x00000000a4200000| Untracked 
|  33|0x00000000a4300000, 0x00000000a4300000, 0x00000000a4400000|  0%| F|  |TAMS 0x00000000a4300000, 0x00000000a4300000| Untracked 
|  34|0x00000000a4400000, 0x00000000a4400000, 0x00000000a4500000|  0%| F|  |TAMS 0x00000000a4400000, 0x00000000a4400000| Untracked 
|  35|0x00000000a4500000, 0x00000000a4500000, 0x00000000a4600000|  0%| F|  |TAMS 0x00000000a4500000, 0x00000000a4500000| Untracked 
|  36|0x00000000a4600000, 0x00000000a4600000, 0x00000000a4700000|  0%| F|  |TAMS 0x00000000a4600000, 0x00000000a4600000| Untracked 
|  37|0x00000000a4700000, 0x00000000a4700000, 0x00000000a4800000|  0%| F|  |TAMS 0x00000000a4700000, 0x00000000a4700000| Untracked 
|  38|0x00000000a4800000, 0x00000000a4800000, 0x00000000a4900000|  0%| F|  |TAMS 0x00000000a4800000, 0x00000000a4800000| Untracked 
|  39|0x00000000a4900000, 0x00000000a4900000, 0x00000000a4a00000|  0%| F|  |TAMS 0x00000000a4900000, 0x00000000a4900000| Untracked 
|  40|0x00000000a4a00000, 0x00000000a4a00000, 0x00000000a4b00000|  0%| F|  |TAMS 0x00000000a4a00000, 0x00000000a4a00000| Untracked 
|  41|0x00000000a4b00000, 0x00000000a4b00000, 0x00000000a4c00000|  0%| F|  |TAMS 0x00000000a4b00000, 0x00000000a4b00000| Untracked 
|  42|0x00000000a4c00000, 0x00000000a4c00000, 0x00000000a4d00000|  0%| F|  |TAMS 0x00000000a4c00000, 0x00000000a4c00000| Untracked 
|  43|0x00000000a4d00000, 0x00000000a4d00000, 0x00000000a4e00000|  0%| F|  |TAMS 0x00000000a4d00000, 0x00000000a4d00000| Untracked 
|  44|0x00000000a4e00000, 0x00000000a4e00000, 0x00000000a4f00000|  0%| F|  |TAMS 0x00000000a4e00000, 0x00000000a4e00000| Untracked 
|  45|0x00000000a4f00000, 0x00000000a4f00000, 0x00000000a5000000|  0%| F|  |TAMS 0x00000000a4f00000, 0x00000000a4f00000| Untracked 
|  46|0x00000000a5000000, 0x00000000a5000000, 0x00000000a5100000|  0%| F|  |TAMS 0x00000000a5000000, 0x00000000a5000000| Untracked 
|  47|0x00000000a5100000, 0x00000000a5100000, 0x00000000a5200000|  0%| F|  |TAMS 0x00000000a5100000, 0x00000000a5100000| Untracked 
|  48|0x00000000a5200000, 0x00000000a5200000, 0x00000000a5300000|  0%| F|  |TAMS 0x00000000a5200000, 0x00000000a5200000| Untracked 
|  49|0x00000000a5300000, 0x00000000a5300000, 0x00000000a5400000|  0%| F|  |TAMS 0x00000000a5300000, 0x00000000a5300000| Untracked 
|  50|0x00000000a5400000, 0x00000000a5400000, 0x00000000a5500000|  0%| F|  |TAMS 0x00000000a5400000, 0x00000000a5400000| Untracked 
|  51|0x00000000a5500000, 0x00000000a5500000, 0x00000000a5600000|  0%| F|  |TAMS 0x00000000a5500000, 0x00000000a5500000| Untracked 
|  52|0x00000000a5600000, 0x00000000a5600000, 0x00000000a5700000|  0%| F|  |TAMS 0x00000000a5600000, 0x00000000a5600000| Untracked 
|  53|0x00000000a5700000, 0x00000000a5700000, 0x00000000a5800000|  0%| F|  |TAMS 0x00000000a5700000, 0x00000000a5700000| Untracked 
|  54|0x00000000a5800000, 0x00000000a5800000, 0x00000000a5900000|  0%| F|  |TAMS 0x00000000a5800000, 0x00000000a5800000| Untracked 
|  55|0x00000000a5900000, 0x00000000a5900000, 0x00000000a5a00000|  0%| F|  |TAMS 0x00000000a5900000, 0x00000000a5900000| Untracked 
|  56|0x00000000a5a00000, 0x00000000a5a00000, 0x00000000a5b00000|  0%| F|  |TAMS 0x00000000a5a00000, 0x00000000a5a00000| Untracked 
|  57|0x00000000a5b00000, 0x00000000a5b00000, 0x00000000a5c00000|  0%| F|  |TAMS 0x00000000a5b00000, 0x00000000a5b00000| Untracked 
|  58|0x00000000a5c00000, 0x00000000a5c00000, 0x00000000a5d00000|  0%| F|  |TAMS 0x00000000a5c00000, 0x00000000a5c00000| Untracked 
|  59|0x00000000a5d00000, 0x00000000a5d00000, 0x00000000a5e00000|  0%| F|  |TAMS 0x00000000a5d00000, 0x00000000a5d00000| Untracked 
|  60|0x00000000a5e00000, 0x00000000a5e00000, 0x00000000a5f00000|  0%| F|  |TAMS 0x00000000a5e00000, 0x00000000a5e00000| Untracked 
|  61|0x00000000a5f00000, 0x00000000a5f00000, 0x00000000a6000000|  0%| F|  |TAMS 0x00000000a5f00000, 0x00000000a5f00000| Untracked 
|  62|0x00000000a6000000, 0x00000000a6000000, 0x00000000a6100000|  0%| F|  |TAMS 0x00000000a6000000, 0x00000000a6000000| Untracked 
|  63|0x00000000a6100000, 0x00000000a6100000, 0x00000000a6200000|  0%| F|  |TAMS 0x00000000a6100000, 0x00000000a6100000| Untracked 
|  64|0x00000000a6200000, 0x00000000a6200000, 0x00000000a6300000|  0%| F|  |TAMS 0x00000000a6200000, 0x00000000a6200000| Untracked 
|  65|0x00000000a6300000, 0x00000000a6300000, 0x00000000a6400000|  0%| F|  |TAMS 0x00000000a6300000, 0x00000000a6300000| Untracked 
|  66|0x00000000a6400000, 0x00000000a6400000, 0x00000000a6500000|  0%| F|  |TAMS 0x00000000a6400000, 0x00000000a6400000| Untracked 
|  67|0x00000000a6500000, 0x00000000a6500000, 0x00000000a6600000|  0%| F|  |TAMS 0x00000000a6500000, 0x00000000a6500000| Untracked 
|  68|0x00000000a6600000, 0x00000000a6600000, 0x00000000a6700000|  0%| F|  |TAMS 0x00000000a6600000, 0x00000000a6600000| Untracked 
|  69|0x00000000a6700000, 0x00000000a6700000, 0x00000000a6800000|  0%| F|  |TAMS 0x00000000a6700000, 0x00000000a6700000| Untracked 
|  70|0x00000000a6800000, 0x00000000a6800000, 0x00000000a6900000|  0%| F|  |TAMS 0x00000000a6800000, 0x00000000a6800000| Untracked 
|  71|0x00000000a6900000, 0x00000000a6900000, 0x00000000a6a00000|  0%| F|  |TAMS 0x00000000a6900000, 0x00000000a6900000| Untracked 
|  72|0x00000000a6a00000, 0x00000000a6a00000, 0x00000000a6b00000|  0%| F|  |TAMS 0x00000000a6a00000, 0x00000000a6a00000| Untracked 
|  73|0x00000000a6b00000, 0x00000000a6b00000, 0x00000000a6c00000|  0%| F|  |TAMS 0x00000000a6b00000, 0x00000000a6b00000| Untracked 
|  74|0x00000000a6c00000, 0x00000000a6c00000, 0x00000000a6d00000|  0%| F|  |TAMS 0x00000000a6c00000, 0x00000000a6c00000| Untracked 
|  75|0x00000000a6d00000, 0x00000000a6d00000, 0x00000000a6e00000|  0%| F|  |TAMS 0x00000000a6d00000, 0x00000000a6d00000| Untracked 
|  76|0x00000000a6e00000, 0x00000000a6e00000, 0x00000000a6f00000|  0%| F|  |TAMS 0x00000000a6e00000, 0x00000000a6e00000| Untracked 
|  77|0x00000000a6f00000, 0x00000000a6f00000, 0x00000000a7000000|  0%| F|  |TAMS 0x00000000a6f00000, 0x00000000a6f00000| Untracked 
|  78|0x00000000a7000000, 0x00000000a7000000, 0x00000000a7100000|  0%| F|  |TAMS 0x00000000a7000000, 0x00000000a7000000| Untracked 
|  79|0x00000000a7100000, 0x00000000a7100000, 0x00000000a7200000|  0%| F|  |TAMS 0x00000000a7100000, 0x00000000a7100000| Untracked 
|  80|0x00000000a7200000, 0x00000000a7200000, 0x00000000a7300000|  0%| F|  |TAMS 0x00000000a7200000, 0x00000000a7200000| Untracked 
|  81|0x00000000a7300000, 0x00000000a7300000, 0x00000000a7400000|  0%| F|  |TAMS 0x00000000a7300000, 0x00000000a7300000| Untracked 
|  82|0x00000000a7400000, 0x00000000a7400000, 0x00000000a7500000|  0%| F|  |TAMS 0x00000000a7400000, 0x00000000a7400000| Untracked 
|  83|0x00000000a7500000, 0x00000000a7500000, 0x00000000a7600000|  0%| F|  |TAMS 0x00000000a7500000, 0x00000000a7500000| Untracked 
|  84|0x00000000a7600000, 0x00000000a7676458, 0x00000000a7700000| 46%| E|  |TAMS 0x00000000a7600000, 0x00000000a7600000| Complete 
|  85|0x00000000a7700000, 0x00000000a7800000, 0x00000000a7800000|100%| E|CS|TAMS 0x00000000a7700000, 0x00000000a7700000| Complete 
|  86|0x00000000a7800000, 0x00000000a7900000, 0x00000000a7900000|100%| E|CS|TAMS 0x00000000a7800000, 0x00000000a7800000| Complete 
|  87|0x00000000a7900000, 0x00000000a7a00000, 0x00000000a7a00000|100%| E|CS|TAMS 0x00000000a7900000, 0x00000000a7900000| Complete 
|  88|0x00000000a7a00000, 0x00000000a7b00000, 0x00000000a7b00000|100%| E|CS|TAMS 0x00000000a7a00000, 0x00000000a7a00000| Complete 
|  89|0x00000000a7b00000, 0x00000000a7c00000, 0x00000000a7c00000|100%| E|CS|TAMS 0x00000000a7b00000, 0x00000000a7b00000| Complete 
|  90|0x00000000a7c00000, 0x00000000a7d00000, 0x00000000a7d00000|100%| E|CS|TAMS 0x00000000a7c00000, 0x00000000a7c00000| Complete 
|  91|0x00000000a7d00000, 0x00000000a7e00000, 0x00000000a7e00000|100%| E|  |TAMS 0x00000000a7d00000, 0x00000000a7d00000| Complete 
|  92|0x00000000a7e00000, 0x00000000a7f00000, 0x00000000a7f00000|100%| E|CS|TAMS 0x00000000a7e00000, 0x00000000a7e00000| Complete 
|  93|0x00000000a7f00000, 0x00000000a8000000, 0x00000000a8000000|100%| E|CS|TAMS 0x00000000a7f00000, 0x00000000a7f00000| Complete 

Card table byte_map: [0x0000020097a80000,0x0000020097d70000] _byte_map_base: 0x000002009756f000

Marking Bits (Prev, Next): (CMBitMap*) 0x00000200ffedc660, (CMBitMap*) 0x00000200ffedc6a0
 Prev Bits: [0x0000020098060000, 0x00000200997d8000)
 Next Bits: [0x00000200997e0000, 0x000002009af58000)

Polling page: 0x00000200fe600000

Metaspace:

Usage:
  Non-class:      1.04 MB used.
      Class:     81.42 KB used.
       Both:      1.12 MB used.

Virtual space:
  Non-class space:       64.00 MB reserved,       1.06 MB (  2%) committed,  1 nodes.
      Class space:        1.00 GB reserved,     128.00 KB ( <1%) committed,  1 nodes.
             Both:        1.06 GB reserved,       1.19 MB ( <1%) committed. 

Chunk freelists:
   Non-Class:  11.70 MB
       Class:  15.72 MB
        Both:  27.42 MB

MaxMetaspaceSize: unlimited
CompressedClassSpaceSize: 1.00 GB
Initial GC threshold: 21.00 MB
Current GC threshold: 21.00 MB
CDS: on
MetaspaceReclaimPolicy: balanced
 - commit_granule_bytes: 65536.
 - commit_granule_words: 8192.
 - virtual_space_node_default_size: 8388608.
 - enlarge_chunks_in_place: 1.
 - new_chunks_are_fully_committed: 0.
 - uncommit_free_chunks: 1.
 - use_allocation_guard: 0.
 - handle_deallocations: 1.


Internal statistics:

num_allocs_failed_limit: 0.
num_arena_births: 10.
num_arena_deaths: 0.
num_vsnodes_births: 2.
num_vsnodes_deaths: 0.
num_space_committed: 19.
num_space_uncommitted: 0.
num_chunks_returned_to_freelist: 0.
num_chunks_taken_from_freelist: 36.
num_chunk_merges: 0.
num_chunk_splits: 17.
num_chunks_enlarged: 10.
num_purges: 0.
num_inconsistent_stats: 0.

CodeHeap 'non-profiled nmethods': size=119168Kb used=134Kb max_used=134Kb free=119033Kb
 bounds [0x000002008f370000, 0x000002008f5e0000, 0x00000200967d0000]
CodeHeap 'profiled nmethods': size=119104Kb used=598Kb max_used=598Kb free=118505Kb
 bounds [0x00000200877d0000, 0x0000020087a40000, 0x000002008ec20000]
CodeHeap 'non-nmethods': size=7488Kb used=2810Kb max_used=2824Kb free=4677Kb
 bounds [0x000002008ec20000, 0x000002008eef0000, 0x000002008f370000]
 total_blobs=834 nmethods=430 adapters=314
 compilation: enabled
              stopped_count=0, restarted_count=0
 full_count=0

Compilation events (20 events):
Event: 0.739 Thread 0x00000200e31bb500  408   !   3       java.util.zip.Inflater::inflate (418 bytes)
Event: 0.740 Thread 0x00000200e31bb500 nmethod 408 0x0000020087858590 code [0x0000020087858860, 0x0000020087859a08]
Event: 0.743 Thread 0x00000200e31baf40  409       3       java.net.URL::isBuiltinStreamHandler (32 bytes)
Event: 0.743 Thread 0x00000200e31ba980  410       3       java.net.URL::isBuiltinStreamHandler (8 bytes)
Event: 0.743 Thread 0x00000200e31bb500  412       3       sun.net.util.IPAddressUtil::scan (92 bytes)
Event: 0.743 Thread 0x000002009dec8d70  411       3       sun.net.util.IPAddressUtil::checkHostString (53 bytes)
Event: 0.744 Thread 0x00000200e31ba980 nmethod 410 0x000002008785a410 code [0x000002008785a5c0, 0x000002008785a788]
Event: 0.744 Thread 0x00000200e31ba980  413       1       java.security.ProtectionDomain::getCodeSource (5 bytes)
Event: 0.744 Thread 0x00000200e31ba980 nmethod 413 0x000002008f390510 code [0x000002008f3906a0, 0x000002008f390778]
Event: 0.745 Thread 0x000002009dec8d70 nmethod 411 0x000002008785a890 code [0x000002008785ab40, 0x000002008785b6c8]
Event: 0.745 Thread 0x00000200e31bb500 nmethod 412 0x000002008785bb10 code [0x000002008785bd80, 0x000002008785c8b8]
Event: 0.745 Thread 0x00000200e31baf40 nmethod 409 0x000002008785ce10 code [0x000002008785d100, 0x000002008785e238]
Event: 0.746 Thread 0x000002009dec8d70  414       3       java.lang.String::regionMatches (150 bytes)
Event: 0.746 Thread 0x00000200e31baf40  415       3       java.util.zip.ZipFile$1::getMetaInfVersions (5 bytes)
Event: 0.746 Thread 0x00000200e31ba980  416   !   3       java.util.zip.ZipFile::getMetaInfVersions (26 bytes)
Event: 0.747 Thread 0x00000200e31ba980 nmethod 416 0x000002008785e810 code [0x000002008785e9c0, 0x000002008785ebe8]
Event: 0.747 Thread 0x00000200e31baf40 nmethod 415 0x000002008785ed90 code [0x000002008785ef40, 0x000002008785f1c8]
Event: 0.747 Thread 0x00000200e321a600  417       4       java.util.jar.Manifest$FastInputStream::readLine (296 bytes)
Event: 0.747 Thread 0x000002009dec8d70 nmethod 414 0x000002008785f390 code [0x000002008785f5e0, 0x000002008785fde8]
Event: 0.750 Thread 0x000002009debf3a0  418       4       java.lang.StringCoding::hasNegatives (25 bytes)

GC Heap History (0 events):
No events

Deoptimization events (20 events):
Event: 0.392 Thread 0x00000200ffe8ec10 Uncommon trap: trap_request=0xffffffde fr.pc=0x000002008f37e800 relative=0x00000000000007a0
Event: 0.392 Thread 0x00000200ffe8ec10 Uncommon trap: reason=class_check action=maybe_recompile pc=0x000002008f37e800 method=java.util.HashMap.putVal(ILjava/lang/Object;Ljava/lang/Object;ZZ)Ljava/lang/Object; @ 152 c2
Event: 0.392 Thread 0x00000200ffe8ec10 DEOPT PACKING pc=0x000002008f37e800 sp=0x000000cf73ffe1d0
Event: 0.392 Thread 0x00000200ffe8ec10 DEOPT UNPACKING pc=0x000002008ec723a3 sp=0x000000cf73ffe150 mode 2
Event: 0.460 Thread 0x00000200ffe8ec10 DEOPT PACKING pc=0x00000200877d9367 sp=0x000000cf73ffdff0
Event: 0.460 Thread 0x00000200ffe8ec10 DEOPT UNPACKING pc=0x000002008ec72b43 sp=0x000000cf73ffd410 mode 0
Event: 0.613 Thread 0x00000200ffe8ec10 DEOPT PACKING pc=0x00000200878164d4 sp=0x000000cf73ffe260
Event: 0.613 Thread 0x00000200ffe8ec10 DEOPT UNPACKING pc=0x000002008ec72b43 sp=0x000000cf73ffd710 mode 0
Event: 0.676 Thread 0x00000200ffe8ec10 Uncommon trap: trap_request=0xffffff45 fr.pc=0x000002008f385518 relative=0x0000000000000178
Event: 0.676 Thread 0x00000200ffe8ec10 Uncommon trap: reason=unstable_if action=reinterpret pc=0x000002008f385518 method=java.util.zip.ZipFile$Source.isMetaName([BII)Z @ 57 c2
Event: 0.676 Thread 0x00000200ffe8ec10 DEOPT PACKING pc=0x000002008f385518 sp=0x000000cf73ffe280
Event: 0.676 Thread 0x00000200ffe8ec10 DEOPT UNPACKING pc=0x000002008ec723a3 sp=0x000000cf73ffe228 mode 2
Event: 0.696 Thread 0x00000200ffe8ec10 Uncommon trap: trap_request=0xffffff45 fr.pc=0x000002008f3715f4 relative=0x0000000000000074
Event: 0.696 Thread 0x00000200ffe8ec10 Uncommon trap: reason=unstable_if action=reinterpret pc=0x000002008f3715f4 method=java.lang.String.isLatin1()Z @ 10 c2
Event: 0.696 Thread 0x00000200ffe8ec10 DEOPT PACKING pc=0x000002008f3715f4 sp=0x000000cf73fff0b0
Event: 0.696 Thread 0x00000200ffe8ec10 DEOPT UNPACKING pc=0x000002008ec723a3 sp=0x000000cf73ffeff0 mode 2
Event: 0.747 Thread 0x00000200ffe8ec10 DEOPT PACKING pc=0x0000020087810368 sp=0x000000cf73ffd7b0
Event: 0.747 Thread 0x00000200ffe8ec10 DEOPT UNPACKING pc=0x000002008ec72b43 sp=0x000000cf73ffcc40 mode 0
Event: 0.750 Thread 0x00000200ffe8ec10 DEOPT PACKING pc=0x000002008780f0d6 sp=0x000000cf73ffcc90
Event: 0.750 Thread 0x00000200ffe8ec10 DEOPT UNPACKING pc=0x000002008ec72b43 sp=0x000000cf73ffc118 mode 0

Classes unloaded (0 events):
No events

Classes redefined (0 events):
No events

Internal exceptions (2 events):
Event: 0.702 Thread 0x00000200e3578be0 Exception <a 'java/lang/NoSuchMethodError'{0x00000000a77046a8}: 'java.lang.Object java.lang.invoke.DirectMethodHandle$Holder.invokeStaticInit(java.lang.Object)'> (0x00000000a77046a8) 
thrown [s\open\src\hotspot\share\interpreter\linkResolver.cpp, line 759]
Event: 0.717 Thread 0x00000200e3578be0 Exception <a 'java/lang/NoSuchMethodError'{0x00000000a7712368}: 'void java.lang.invoke.DirectMethodHandle$Holder.invokeStatic(java.lang.Object, java.lang.Object)'> (0x00000000a7712368) 
thrown [s\open\src\hotspot\share\interpreter\linkResolver.cpp, line 759]

VM Operations (2 events):
Event: 0.700 Executing VM operation: HandshakeAllThreads
Event: 0.700 Executing VM operation: HandshakeAllThreads done

Events (20 events):
Event: 0.725 loading class java/io/BufferedReader
Event: 0.725 loading class java/util/EventObject
Event: 0.725 loading class java/io/BufferedReader done
Event: 0.725 loading class java/util/EventObject done
Event: 0.725 loading class java/net/Socket$SocketInputStream
Event: 0.725 loading class java/net/Socket$SocketInputStream done
Event: 0.726 loading class sun/nio/ch/NioSocketImpl$1
Event: 0.726 loading class sun/nio/ch/NioSocketImpl$1 done
Event: 0.726 loading class sun/nio/cs/StreamDecoder
Event: 0.727 loading class sun/nio/cs/StreamDecoder done
Event: 0.727 loading class sun/nio/cs/US_ASCII$Decoder
Event: 0.727 loading class sun/nio/cs/US_ASCII$Decoder done
Event: 0.728 loading class sun/nio/ch/Util
Event: 0.728 loading class sun/nio/ch/Util done
Event: 0.728 loading class sun/nio/ch/Util$1
Event: 0.728 loading class sun/nio/ch/Util$1 done
Event: 0.728 loading class sun/nio/ch/Util$BufferCache
Event: 0.728 loading class sun/nio/ch/Util$BufferCache done
Event: 0.729 loading class java/nio/DirectByteBuffer$Deallocator
Event: 0.729 loading class java/nio/DirectByteBuffer$Deallocator done


Dynamic libraries:
0x00007ff772bc0000 - 0x00007ff772bd0000 	C:\Program Files\Java\jdk-17\bin\java.exe
0x00007ffa8bd70000 - 0x00007ffa8bf87000 	C:\WINDOWS\SYSTEM32\ntdll.dll
0x00007ffa47220000 - 0x00007ffa47239000 	C:\Program Files\Avast Software\Avast\aswhook.dll
0x00007ffa8b280000 - 0x00007ffa8b344000 	C:\WINDOWS\System32\KERNEL32.DLL
0x00007ffa89320000 - 0x00007ffa896c6000 	C:\WINDOWS\System32\KERNELBASE.dll
0x00007ffa898e0000 - 0x00007ffa899f1000 	C:\WINDOWS\System32\ucrtbase.dll
0x00007ffa7c250000 - 0x00007ffa7c26b000 	C:\Program Files\Java\jdk-17\bin\VCRUNTIME140.dll
0x00007ffa7bdc0000 - 0x00007ffa7bdd9000 	C:\Program Files\Java\jdk-17\bin\jli.dll
0x00007ffa89e50000 - 0x00007ffa89f01000 	C:\WINDOWS\System32\ADVAPI32.dll
0x00007ffa8b450000 - 0x00007ffa8b4f7000 	C:\WINDOWS\System32\msvcrt.dll
0x00007ffa8bb70000 - 0x00007ffa8bc15000 	C:\WINDOWS\System32\sechost.dll
0x00007ffa89f10000 - 0x00007ffa8a027000 	C:\WINDOWS\System32\RPCRT4.dll
0x00007ffa8a050000 - 0x00007ffa8a1fe000 	C:\WINDOWS\System32\USER32.dll
0x00007ffa89840000 - 0x00007ffa89866000 	C:\WINDOWS\System32\win32u.dll
0x00007ffa71900000 - 0x00007ffa71b93000 	C:\WINDOWS\WinSxS\amd64_microsoft.windows.common-controls_6595b64144ccf1df_6.0.22621.2506_none_270c5ae97388e100\COMCTL32.dll
0x00007ffa8ad20000 - 0x00007ffa8ad49000 	C:\WINDOWS\System32\GDI32.dll
0x00007ffa89200000 - 0x00007ffa89318000 	C:\WINDOWS\System32\gdi32full.dll
0x00007ffa890e0000 - 0x00007ffa8917a000 	C:\WINDOWS\System32\msvcp_win.dll
0x00007ffa7efa0000 - 0x00007ffa7efaa000 	C:\WINDOWS\SYSTEM32\VERSION.dll
0x00007ffa8a470000 - 0x00007ffa8a4a1000 	C:\WINDOWS\System32\IMM32.DLL
0x00007ffa7c2f0000 - 0x00007ffa7c2fc000 	C:\Program Files\Java\jdk-17\bin\vcruntime140_1.dll
0x00007ffa30ef0000 - 0x00007ffa30f7e000 	C:\Program Files\Java\jdk-17\bin\msvcp140.dll
0x00007ff9c3b80000 - 0x00007ff9c475e000 	C:\Program Files\Java\jdk-17\bin\server\jvm.dll
0x00007ffa8a200000 - 0x00007ffa8a208000 	C:\WINDOWS\System32\PSAPI.DLL
0x00007ffa7ed60000 - 0x00007ffa7ed69000 	C:\WINDOWS\SYSTEM32\WSOCK32.dll
0x00007ffa80640000 - 0x00007ffa80674000 	C:\WINDOWS\SYSTEM32\WINMM.dll
0x00007ffa8a300000 - 0x00007ffa8a371000 	C:\WINDOWS\System32\WS2_32.dll
0x00007ffa880b0000 - 0x00007ffa880c8000 	C:\WINDOWS\SYSTEM32\kernel.appcore.dll
0x00007ffa7c2a0000 - 0x00007ffa7c2aa000 	C:\Program Files\Java\jdk-17\bin\jimage.dll
0x00007ffa86ab0000 - 0x00007ffa86ce3000 	C:\WINDOWS\SYSTEM32\DBGHELP.DLL
0x00007ffa8ad50000 - 0x00007ffa8b0d9000 	C:\WINDOWS\System32\combase.dll
0x00007ffa8a390000 - 0x00007ffa8a467000 	C:\WINDOWS\System32\OLEAUT32.dll
0x00007ffa7dc30000 - 0x00007ffa7dc62000 	C:\WINDOWS\SYSTEM32\dbgcore.DLL
0x00007ffa89180000 - 0x00007ffa891fa000 	C:\WINDOWS\System32\bcryptPrimitives.dll
0x00007ffa84390000 - 0x00007ffa8439e000 	C:\Program Files\Java\jdk-17\bin\instrument.dll
0x00007ffa741b0000 - 0x00007ffa741d5000 	C:\Program Files\Java\jdk-17\bin\java.dll
0x00007ffa30e10000 - 0x00007ffa30ee7000 	C:\Program Files\Java\jdk-17\bin\jsvml.dll
0x00007ffa8a4b0000 - 0x00007ffa8ad0a000 	C:\WINDOWS\System32\SHELL32.dll
0x00007ffa86fb0000 - 0x00007ffa878a6000 	C:\WINDOWS\SYSTEM32\windows.storage.dll
0x00007ffa86e70000 - 0x00007ffa86fae000 	C:\WINDOWS\SYSTEM32\wintypes.dll
0x00007ffa8b350000 - 0x00007ffa8b443000 	C:\WINDOWS\System32\SHCORE.dll
0x00007ffa8bc20000 - 0x00007ffa8bc7e000 	C:\WINDOWS\System32\shlwapi.dll
0x00007ffa89010000 - 0x00007ffa89036000 	C:\WINDOWS\SYSTEM32\profapi.dll
0x00007ffa66f40000 - 0x00007ffa66f58000 	C:\Program Files\Java\jdk-17\bin\zip.dll
0x00007ffa69250000 - 0x00007ffa69269000 	C:\Program Files\Java\jdk-17\bin\net.dll
0x00007ffa81410000 - 0x00007ffa81547000 	C:\WINDOWS\SYSTEM32\WINHTTP.dll
0x00007ffa88540000 - 0x00007ffa885a9000 	C:\WINDOWS\system32\mswsock.dll
0x00007ffa66fa0000 - 0x00007ffa66fb6000 	C:\Program Files\Java\jdk-17\bin\nio.dll
0x00007ffa66d90000 - 0x00007ffa66daa000 	C:\Program Files\JetBrains\IntelliJ IDEA Educational Edition 2022.2.2\bin\breakgen64.dll
0x00007ffa6be00000 - 0x00007ffa6be10000 	C:\Program Files\Java\jdk-17\bin\verify.dll

dbghelp: loaded successfully - version: 4.0.5 - missing functions: none
symbol engine: initialized successfully - sym options: 0x614 - pdb path: .;C:\Program Files\Java\jdk-17\bin;C:\WINDOWS\SYSTEM32;C:\Program Files\Avast Software\Avast;C:\WINDOWS\WinSxS\amd64_microsoft.windows.common-controls_6595b64144ccf1df_6.0.22621.2506_none_270c5ae97388e100;C:\Program Files\Java\jdk-17\bin\server;C:\Program Files\JetBrains\IntelliJ IDEA Educational Edition 2022.2.2\bin

VM Arguments:
jvm_args: -javaagent:C:\Program Files\JetBrains\IntelliJ IDEA Educational Edition 2022.2.2\lib\idea_rt.jar=62178:C:\Program Files\JetBrains\IntelliJ IDEA Educational Edition 2022.2.2\bin -Dfile.encoding=UTF-8 
java_command: com.lira.msclientes.MsclientesApplication
java_class_path (initial): C:\Workspace\eureka\msclientes\target\classes;C:\Users\Zelto Lira\.m2\repository\org\springframework\boot\spring-boot-starter-web\2.6.5\spring-boot-starter-web-2.6.5.jar;C:\Users\Zelto Lira\.m2\repository\org\springframework\boot\spring-boot-starter\2.6.5\spring-boot-starter-2.6.5.jar;C:\Users\Zelto Lira\.m2\repository\org\springframework\boot\spring-boot-starter-logging\2.6.5\spring-boot-starter-logging-2.6.5.jar;C:\Users\Zelto Lira\.m2\repository\ch\qos\logback\logback-classic\1.2.11\logback-classic-1.2.11.jar;C:\Users\Zelto Lira\.m2\repository\ch\qos\logback\logback-core\1.2.11\logback-core-1.2.11.jar;C:\Users\Zelto Lira\.m2\repository\org\apache\logging\log4j\log4j-to-slf4j\2.17.2\log4j-to-slf4j-2.17.2.jar;C:\Users\Zelto Lira\.m2\repository\org\apache\logging\log4j\log4j-api\2.17.2\log4j-api-2.17.2.jar;C:\Users\Zelto Lira\.m2\repository\org\slf4j\jul-to-slf4j\1.7.36\jul-to-slf4j-1.7.36.jar;C:\Users\Zelto Lira\.m2\repository\jakarta\annotation\jakarta.annotation-api\1.3.5\jakarta.annotation-api-1.3.5.jar;C:\Users\Zelto Lira\.m2\repository\org\yaml\snakeyaml\1.29\snakeyaml-1.29.jar;C:\Users\Zelto Lira\.m2\repository\org\springframework\boot\spring-boot-starter-json\2.6.5\spring-boot-starter-json-2.6.5.jar;C:\Users\Zelto Lira\.m2\repository\com\fasterxml\jackson\core\jackson-databind\2.13.2\jackson-databind-2.13.2.jar;C:\Users\Zelto Lira\.m2\repository\com\fasterxml\jackson\datatype\jackson-datatype-jdk8\2.13.2\jackson-datatype-jdk8-2.13.2.jar;C:\Users\Zelto Lira\.m2\repository\com\fasterxml\jackson\datatype\jackson-datatype-jsr310\2.13.2\jackson-datatype-jsr310-2.13.2.jar;C:\Users\Zelto Lira\.m2\repository\com\fasterxml\jackson\module\jackson-module-parameter-names\2.13.2\jackson-module-parameter-names-2.13.2.jar;C:\Users\Zelto Lira\.m2\repository\org\springframework\boot\spring-boot-starter-tomcat\2.6.5\spring-boot-starter-tomcat-2.6.5.jar;C:\Users\Zelto Lira\.m2\repository\org\apache\tomcat\embed\tomcat-embed-core\9.0.60\tomcat-embed
Launcher Type: SUN_STANDARD

[Global flags]
     intx CICompilerCount                          = 12                                        {product} {ergonomic}
     uint ConcGCThreads                            = 3                                         {product} {ergonomic}
     uint G1ConcRefinementThreads                  = 13                                        {product} {ergonomic}
   size_t G1HeapRegionSize                         = 1048576                                   {product} {ergonomic}
    uintx GCDrainStackTargetSize                   = 64                                        {product} {ergonomic}
   size_t InitialHeapSize                          = 98566144                                  {product} {ergonomic}
   size_t MarkStackSize                            = 4194304                                   {product} {ergonomic}
   size_t MaxHeapSize                              = 1574961152                                {product} {ergonomic}
   size_t MaxNewSize                               = 944766976                                 {product} {ergonomic}
   size_t MinHeapDeltaBytes                        = 1048576                                   {product} {ergonomic}
   size_t MinHeapSize                              = 8388608                                   {product} {ergonomic}
    uintx NonNMethodCodeHeapSize                   = 7602480                                {pd product} {ergonomic}
    uintx NonProfiledCodeHeapSize                  = 122027880                              {pd product} {ergonomic}
    uintx ProfiledCodeHeapSize                     = 122027880                              {pd product} {ergonomic}
    uintx ReservedCodeCacheSize                    = 251658240                              {pd product} {ergonomic}
     bool SegmentedCodeCache                       = true                                      {product} {ergonomic}
   size_t SoftMaxHeapSize                          = 1574961152                             {manageable} {ergonomic}
     bool UseCompressedClassPointers               = true                           {product lp64_product} {ergonomic}
     bool UseCompressedOops                        = true                           {product lp64_product} {ergonomic}
     bool UseG1GC                                  = true                                      {product} {ergonomic}
     bool UseLargePagesIndividualAllocation        = false                                  {pd product} {ergonomic}

Logging:
Log output configuration:
 #0: stdout all=warning uptime,level,tags
 #1: stderr all=off uptime,level,tags

Environment Variables:
JAVA_HOME=C:\Program Files\Java\jdk-17
PATH=C:\Program Files\Common Files\Oracle\Java\javapath;C:\WINDOWS\system32;C:\WINDOWS;C:\WINDOWS\System32\Wbem;C:\WINDOWS\System32\WindowsPowerShell\v1.0\;C:\WINDOWS\System32\OpenSSH\;C:\Program Files\Java\jdk-11\bin;C:\Program Files\Git\cmd;C:\Program Files\Docker\Docker\resources\bin;C:\Users\Zelto Lira\AppData\Local\Microsoft\WindowsApps;C:\apache-maven-3.9.3\bin;C:\Program Files\JetBrains\IntelliJ IDEA Educational Edition 2022.2.2\bin;C:\Program Files\Java\jdk-17\bin;;C:\Program Files\Java\jdk-17\bin;
USERNAME=Zelto Lira
OS=Windows_NT
PROCESSOR_IDENTIFIER=AMD64 Family 23 Model 104 Stepping 1, AuthenticAMD



---------------  S Y S T E M  ---------------

OS:
 Windows 11 , 64 bit Build 22621 (10.0.22621.2506)
OS uptime: 1 days 1:31 hours
Hyper-V role detected

CPU: total 16 (initial active 16) (16 cores per cpu, 2 threads per core) family 23 model 104 stepping 1 microcode 0x0, cx8, cmov, fxsr, ht, mmx, 3dnowpref, sse, sse2, sse3, ssse3, sse4a, sse4.1, sse4.2, popcnt, lzcnt, tsc, tscinvbit, avx, avx2, aes, clmul, bmi1, bmi2, adx, sha, fma, vzeroupper, clflush, clflushopt, hv

Memory: 4k page, system-wide physical 6005M (449M free)
TotalPageFile size 24437M (AvailPageFile size 0M)
current process WorkingSet (physical memory assigned to process): 49M, peak: 49M
current process commit charge ("private bytes"): 191M, peak: 191M

vm_info: Java HotSpot(TM) 64-Bit Server VM (17.0.8+9-LTS-211) for windows-amd64 JRE (17.0.8+9-LTS-211), built on Jun 14 2023 10:34:31 by "mach5one" with MS VC++ 17.1 (VS2022)

END.
