#
# There is insufficient memory for the Java Runtime Environment to continue.
# Native memory allocation (malloc) failed to allocate 1690416 bytes for Chunk::new
# Possible reasons:
#   The system is out of physical RAM or swap space
#   The process is running with CompressedOops enabled, and the Java Heap may be blocking the growth of the native heap
# Possible solutions:
#   Reduce memory load on the system
#   Increase physical memory or swap space
#   Check if swap backing store is full
#   Decrease Java heap size (-Xmx/-Xms)
#   Decrease number of Java threads
#   Decrease Java thread stack sizes (-Xss)
#   Set larger code cache with -XX:ReservedCodeCacheSize=
#   JVM is running with Unscaled Compressed Oops mode in which the Java heap is
#     placed in the first 4GB address space. The Java Heap base address is the
#     maximum limit for the native heap growth. Please use -XX:HeapBaseMinAddress
#     to set the Java Heap base and to place the Java Heap above 4GB virtual address.
# This output file may be truncated or incomplete.
#
#  Out of Memory Error (arena.cpp:189), pid=2956, tid=14676
#
# JRE version: Java(TM) SE Runtime Environment (17.0.8+9) (build 17.0.8+9-LTS-211)
# Java VM: Java HotSpot(TM) 64-Bit Server VM (17.0.8+9-LTS-211, mixed mode, sharing, tiered, compressed oops, compressed class ptrs, g1 gc, windows-amd64)
# No core dump will be written. Minidumps are not enabled by default on client versions of Windows
#

---------------  S U M M A R Y ------------

Command Line: -javaagent:C:\Program Files\JetBrains\IntelliJ IDEA Educational Edition 2022.2.2\lib\idea_rt.jar=62198:C:\Program Files\JetBrains\IntelliJ IDEA Educational Edition 2022.2.2\bin -Dfile.encoding=UTF-8 com.lira.msclientes.MsclientesApplication

Host: AMD Ryzen 7 5700U with Radeon Graphics         , 16 cores, 5G,  Windows 11 , 64 bit Build 22621 (10.0.22621.2506)
Time: Thu Dec 28 06:09:00 2023 Hora Padrão da Bahia elapsed time: 3.745828 seconds (0d 0h 0m 3s)

---------------  T H R E A D  ---------------

Current thread (0x0000019e584af4c0):  JavaThread "C2 CompilerThread0" daemon [_thread_in_native, id=14676, stack(0x0000003d3c700000,0x0000003d3c800000)]


Current CompileTask:
C2:   3745 2136       4       jdk.internal.org.objectweb.asm.Frame::execute (2305 bytes)

Stack: [0x0000003d3c700000,0x0000003d3c800000]
Native frames: (J=compiled Java code, j=interpreted, Vv=VM code, C=native code)
V  [jvm.dll+0x677d0a]
V  [jvm.dll+0x7d8c54]
V  [jvm.dll+0x7da3fe]
V  [jvm.dll+0x7daa63]
V  [jvm.dll+0x245c5f]
V  [jvm.dll+0xaaa6b]
V  [jvm.dll+0xab00c]
V  [jvm.dll+0x361e3f]
V  [jvm.dll+0x32c551]
V  [jvm.dll+0x32b9ea]
V  [jvm.dll+0x217fff]
V  [jvm.dll+0x217431]
V  [jvm.dll+0x1a3af0]
V  [jvm.dll+0x2270be]
V  [jvm.dll+0x22535b]
V  [jvm.dll+0x78e7bc]
V  [jvm.dll+0x788bba]
V  [jvm.dll+0x676b35]
C  [ucrtbase.dll+0x29363]
C  [KERNEL32.DLL+0x1257d]
C  [ntdll.dll+0x5aa58]


---------------  P R O C E S S  ---------------

Threads class SMR info:
_java_thread_list=0x0000019e9f134ab0, length=17, elements={
0x0000019e3ac5c9d0, 0x0000019e5848f3e0, 0x0000019e58490250, 0x0000019e584a6d00,
0x0000019e584a78b0, 0x0000019e584aa880, 0x0000019e584ab230, 0x0000019e584af4c0,
0x0000019e584aff60, 0x0000019e584bc460, 0x0000019e58478780, 0x0000019e586d7e40,
0x0000019e586d8400, 0x0000019e58821a20, 0x0000019e58a19680, 0x0000019e9e261140,
0x0000019e9e41a840
}

Java Threads: ( => current thread )
  0x0000019e3ac5c9d0 JavaThread "main" [_thread_blocked, id=25768, stack(0x0000003d3ba00000,0x0000003d3bb00000)]
  0x0000019e5848f3e0 JavaThread "Reference Handler" daemon [_thread_blocked, id=32568, stack(0x0000003d3c100000,0x0000003d3c200000)]
  0x0000019e58490250 JavaThread "Finalizer" daemon [_thread_blocked, id=21388, stack(0x0000003d3c200000,0x0000003d3c300000)]
  0x0000019e584a6d00 JavaThread "Signal Dispatcher" daemon [_thread_blocked, id=41732, stack(0x0000003d3c300000,0x0000003d3c400000)]
  0x0000019e584a78b0 JavaThread "Attach Listener" daemon [_thread_blocked, id=19388, stack(0x0000003d3c400000,0x0000003d3c500000)]
  0x0000019e584aa880 JavaThread "Service Thread" daemon [_thread_blocked, id=31612, stack(0x0000003d3c500000,0x0000003d3c600000)]
  0x0000019e584ab230 JavaThread "Monitor Deflation Thread" daemon [_thread_blocked, id=26356, stack(0x0000003d3c600000,0x0000003d3c700000)]
=>0x0000019e584af4c0 JavaThread "C2 CompilerThread0" daemon [_thread_in_native, id=14676, stack(0x0000003d3c700000,0x0000003d3c800000)]
  0x0000019e584aff60 JavaThread "C1 CompilerThread0" daemon [_thread_blocked, id=10756, stack(0x0000003d3c800000,0x0000003d3c900000)]
  0x0000019e584bc460 JavaThread "Sweeper thread" daemon [_thread_blocked, id=23636, stack(0x0000003d3c900000,0x0000003d3ca00000)]
  0x0000019e58478780 JavaThread "Common-Cleaner" daemon [_thread_blocked, id=39304, stack(0x0000003d3ca00000,0x0000003d3cb00000)]
  0x0000019e586d7e40 JavaThread "C1 CompilerThread1" daemon [_thread_blocked, id=42396, stack(0x0000003d3cb00000,0x0000003d3cc00000)]
  0x0000019e586d8400 JavaThread "C1 CompilerThread2" daemon [_thread_blocked, id=36800, stack(0x0000003d3cc00000,0x0000003d3cd00000)]
  0x0000019e58821a20 JavaThread "Monitor Ctrl-Break" daemon [_thread_in_native, id=14156, stack(0x0000003d3ce00000,0x0000003d3cf00000)]
  0x0000019e58a19680 JavaThread "Notification Thread" daemon [_thread_blocked, id=28064, stack(0x0000003d3cf00000,0x0000003d3d000000)]
  0x0000019e9e261140 JavaThread "Thread-0" [_thread_blocked, id=35520, stack(0x0000003d3d500000,0x0000003d3d600000)]
  0x0000019e9e41a840 JavaThread "restartedMain" [_thread_in_vm, id=10804, stack(0x0000003d3d600000,0x0000003d3d700000)]

Other Threads:
  0x0000019e584878c0 VMThread "VM Thread" [stack: 0x0000003d3c000000,0x0000003d3c100000] [id=38264]
  0x0000019e9e0995f0 WatcherThread [stack: 0x0000003d3d000000,0x0000003d3d100000] [id=17328]
  0x0000019e3acaa560 GCTaskThread "GC Thread#0" [stack: 0x0000003d3bb00000,0x0000003d3bc00000] [id=5832]
  0x0000019e9e643f80 GCTaskThread "GC Thread#1" [stack: 0x0000003d3cd00000,0x0000003d3ce00000] [id=37112]
  0x0000019e9e69f8e0 GCTaskThread "GC Thread#2" [stack: 0x0000003d3d100000,0x0000003d3d200000] [id=1900]
  0x0000019e9e711600 GCTaskThread "GC Thread#3" [stack: 0x0000003d3d200000,0x0000003d3d300000] [id=45632]
  0x0000019e9e7118b0 GCTaskThread "GC Thread#4" [stack: 0x0000003d3d300000,0x0000003d3d400000] [id=43608]
  0x0000019e9e6c3110 GCTaskThread "GC Thread#5" [stack: 0x0000003d3d400000,0x0000003d3d500000] [id=26372]
  0x0000019e9ede4340 GCTaskThread "GC Thread#6" [stack: 0x0000003d3d800000,0x0000003d3d900000] [id=24416]
  0x0000019e9ed26d40 GCTaskThread "GC Thread#7" [stack: 0x0000003d3d900000,0x0000003d3da00000] [id=18604]
  0x0000019e9eef2690 GCTaskThread "GC Thread#8" [stack: 0x0000003d3da00000,0x0000003d3db00000] [id=29268]
  0x0000019e9eef3150 GCTaskThread "GC Thread#9" [stack: 0x0000003d3db00000,0x0000003d3dc00000] [id=25292]
  0x0000019e9e7a55a0 GCTaskThread "GC Thread#10" [stack: 0x0000003d3dc00000,0x0000003d3dd00000] [id=40480]
  0x0000019e9e7a5850 GCTaskThread "GC Thread#11" [stack: 0x0000003d3dd00000,0x0000003d3de00000] [id=41740]
  0x0000019e3acb7130 ConcurrentGCThread "G1 Main Marker" [stack: 0x0000003d3bc00000,0x0000003d3bd00000] [id=36504]
  0x0000019e3acb92f0 ConcurrentGCThread "G1 Conc#0" [stack: 0x0000003d3bd00000,0x0000003d3be00000] [id=17816]
  0x0000019e583514c0 ConcurrentGCThread "G1 Refine#0" [stack: 0x0000003d3be00000,0x0000003d3bf00000] [id=43868]
  0x0000019e58351cf0 ConcurrentGCThread "G1 Service" [stack: 0x0000003d3bf00000,0x0000003d3c000000] [id=43788]

Threads with active compile tasks:
C2 CompilerThread0     3829 2136       4       jdk.internal.org.objectweb.asm.Frame::execute (2305 bytes)

VM state: not at safepoint (normal execution)

VM Mutex/Monitor currently owned by a thread:  ([mutex/lock_event])
[0x0000019e3ac588b0] MethodCompileQueue_lock - owner thread: 0x0000019e9e41a840

Heap address: 0x00000000a2200000, size: 1502 MB, Compressed Oops mode: 32-bit

CDS archive(s) mapped at: [0x0000019e59000000-0x0000019e59bd0000-0x0000019e59bd0000), size 12386304, SharedBaseAddress: 0x0000019e59000000, ArchiveRelocationMode: 1.
Compressed class space mapped at: 0x0000019e5a000000-0x0000019e9a000000, reserved size: 1073741824
Narrow klass base: 0x0000019e59000000, Narrow klass shift: 0, Narrow klass range: 0x100000000

GC Precious Log:
 CPUs: 16 total, 16 available
 Memory: 6005M
 Large Page Support: Disabled
 NUMA Support: Disabled
 Compressed Oops: Enabled (32-bit)
 Heap Region Size: 1M
 Heap Min Capacity: 8M
 Heap Initial Capacity: 94M
 Heap Max Capacity: 1502M
 Pre-touch: Disabled
 Parallel Workers: 13
 Concurrent Workers: 3
 Concurrent Refinement Workers: 13
 Periodic GC: Disabled

Heap:
 garbage-first heap   total 96256K, used 36131K [0x00000000a2200000, 0x0000000100000000)
  region size 1024K, 29 young (29696K), 3 survivors (3072K)
 Metaspace       used 17009K, committed 17280K, reserved 1114112K
  class space    used 2077K, committed 2176K, reserved 1048576K

Heap Regions: E=young(eden), S=young(survivor), O=old, HS=humongous(starts), HC=humongous(continues), CS=collection set, F=free, OA=open archive, CA=closed archive, TAMS=top-at-mark-start (previous, next)
|   0|0x00000000a2200000, 0x00000000a2300000, 0x00000000a2300000|100%| O|  |TAMS 0x00000000a2200000, 0x00000000a2200000| Untracked 
|   1|0x00000000a2300000, 0x00000000a2400000, 0x00000000a2400000|100%|HS|  |TAMS 0x00000000a2300000, 0x00000000a2300000| Complete 
|   2|0x00000000a2400000, 0x00000000a2500000, 0x00000000a2500000|100%| O|  |TAMS 0x00000000a2400000, 0x00000000a2400000| Untracked 
|   3|0x00000000a2500000, 0x00000000a2600000, 0x00000000a2600000|100%| O|  |TAMS 0x00000000a2500000, 0x00000000a2500000| Untracked 
|   4|0x00000000a2600000, 0x00000000a2700000, 0x00000000a2700000|100%| O|  |TAMS 0x00000000a2600000, 0x00000000a2600000| Untracked 
|   5|0x00000000a2700000, 0x00000000a2800000, 0x00000000a2800000|100%| O|  |TAMS 0x00000000a2700000, 0x00000000a2700000| Untracked 
|   6|0x00000000a2800000, 0x00000000a2900000, 0x00000000a2900000|100%| O|  |TAMS 0x00000000a2800000, 0x00000000a2800000| Untracked 
|   7|0x00000000a2900000, 0x00000000a2a00000, 0x00000000a2a00000|100%| O|  |TAMS 0x00000000a2900000, 0x00000000a2900000| Untracked 
|   8|0x00000000a2a00000, 0x00000000a2a49200, 0x00000000a2b00000| 28%| O|  |TAMS 0x00000000a2a00000, 0x00000000a2a00000| Untracked 
|   9|0x00000000a2b00000, 0x00000000a2b00000, 0x00000000a2c00000|  0%| F|  |TAMS 0x00000000a2b00000, 0x00000000a2b00000| Untracked 
|  10|0x00000000a2c00000, 0x00000000a2c00000, 0x00000000a2d00000|  0%| F|  |TAMS 0x00000000a2c00000, 0x00000000a2c00000| Untracked 
|  11|0x00000000a2d00000, 0x00000000a2d00000, 0x00000000a2e00000|  0%| F|  |TAMS 0x00000000a2d00000, 0x00000000a2d00000| Untracked 
|  12|0x00000000a2e00000, 0x00000000a2e00000, 0x00000000a2f00000|  0%| F|  |TAMS 0x00000000a2e00000, 0x00000000a2e00000| Untracked 
|  13|0x00000000a2f00000, 0x00000000a2f00000, 0x00000000a3000000|  0%| F|  |TAMS 0x00000000a2f00000, 0x00000000a2f00000| Untracked 
|  14|0x00000000a3000000, 0x00000000a3000000, 0x00000000a3100000|  0%| F|  |TAMS 0x00000000a3000000, 0x00000000a3000000| Untracked 
|  15|0x00000000a3100000, 0x00000000a3100000, 0x00000000a3200000|  0%| F|  |TAMS 0x00000000a3100000, 0x00000000a3100000| Untracked 
|  16|0x00000000a3200000, 0x00000000a3200000, 0x00000000a3300000|  0%| F|  |TAMS 0x00000000a3200000, 0x00000000a3200000| Untracked 
|  17|0x00000000a3300000, 0x00000000a3300000, 0x00000000a3400000|  0%| F|  |TAMS 0x00000000a3300000, 0x00000000a3300000| Untracked 
|  18|0x00000000a3400000, 0x00000000a3400000, 0x00000000a3500000|  0%| F|  |TAMS 0x00000000a3400000, 0x00000000a3400000| Untracked 
|  19|0x00000000a3500000, 0x00000000a3500000, 0x00000000a3600000|  0%| F|  |TAMS 0x00000000a3500000, 0x00000000a3500000| Untracked 
|  20|0x00000000a3600000, 0x00000000a3600000, 0x00000000a3700000|  0%| F|  |TAMS 0x00000000a3600000, 0x00000000a3600000| Untracked 
|  21|0x00000000a3700000, 0x00000000a3700000, 0x00000000a3800000|  0%| F|  |TAMS 0x00000000a3700000, 0x00000000a3700000| Untracked 
|  22|0x00000000a3800000, 0x00000000a3800000, 0x00000000a3900000|  0%| F|  |TAMS 0x00000000a3800000, 0x00000000a3800000| Untracked 
|  23|0x00000000a3900000, 0x00000000a3900000, 0x00000000a3a00000|  0%| F|  |TAMS 0x00000000a3900000, 0x00000000a3900000| Untracked 
|  24|0x00000000a3a00000, 0x00000000a3a00000, 0x00000000a3b00000|  0%| F|  |TAMS 0x00000000a3a00000, 0x00000000a3a00000| Untracked 
|  25|0x00000000a3b00000, 0x00000000a3b00000, 0x00000000a3c00000|  0%| F|  |TAMS 0x00000000a3b00000, 0x00000000a3b00000| Untracked 
|  26|0x00000000a3c00000, 0x00000000a3c00000, 0x00000000a3d00000|  0%| F|  |TAMS 0x00000000a3c00000, 0x00000000a3c00000| Untracked 
|  27|0x00000000a3d00000, 0x00000000a3d00000, 0x00000000a3e00000|  0%| F|  |TAMS 0x00000000a3d00000, 0x00000000a3d00000| Untracked 
|  28|0x00000000a3e00000, 0x00000000a3e00000, 0x00000000a3f00000|  0%| F|  |TAMS 0x00000000a3e00000, 0x00000000a3e00000| Untracked 
|  29|0x00000000a3f00000, 0x00000000a3f00000, 0x00000000a4000000|  0%| F|  |TAMS 0x00000000a3f00000, 0x00000000a3f00000| Untracked 
|  30|0x00000000a4000000, 0x00000000a4000000, 0x00000000a4100000|  0%| F|  |TAMS 0x00000000a4000000, 0x00000000a4000000| Untracked 
|  31|0x00000000a4100000, 0x00000000a4100000, 0x00000000a4200000|  0%| F|  |TAMS 0x00000000a4100000, 0x00000000a4100000| Untracked 
|  32|0x00000000a4200000, 0x00000000a4200000, 0x00000000a4300000|  0%| F|  |TAMS 0x00000000a4200000, 0x00000000a4200000| Untracked 
|  33|0x00000000a4300000, 0x00000000a4300000, 0x00000000a4400000|  0%| F|  |TAMS 0x00000000a4300000, 0x00000000a4300000| Untracked 
|  34|0x00000000a4400000, 0x00000000a4400000, 0x00000000a4500000|  0%| F|  |TAMS 0x00000000a4400000, 0x00000000a4400000| Untracked 
|  35|0x00000000a4500000, 0x00000000a4500000, 0x00000000a4600000|  0%| F|  |TAMS 0x00000000a4500000, 0x00000000a4500000| Untracked 
|  36|0x00000000a4600000, 0x00000000a4600000, 0x00000000a4700000|  0%| F|  |TAMS 0x00000000a4600000, 0x00000000a4600000| Untracked 
|  37|0x00000000a4700000, 0x00000000a4700000, 0x00000000a4800000|  0%| F|  |TAMS 0x00000000a4700000, 0x00000000a4700000| Untracked 
|  38|0x00000000a4800000, 0x00000000a4800000, 0x00000000a4900000|  0%| F|  |TAMS 0x00000000a4800000, 0x00000000a4800000| Untracked 
|  39|0x00000000a4900000, 0x00000000a4900000, 0x00000000a4a00000|  0%| F|  |TAMS 0x00000000a4900000, 0x00000000a4900000| Untracked 
|  40|0x00000000a4a00000, 0x00000000a4a00000, 0x00000000a4b00000|  0%| F|  |TAMS 0x00000000a4a00000, 0x00000000a4a00000| Untracked 
|  41|0x00000000a4b00000, 0x00000000a4b00000, 0x00000000a4c00000|  0%| F|  |TAMS 0x00000000a4b00000, 0x00000000a4b00000| Untracked 
|  42|0x00000000a4c00000, 0x00000000a4c00000, 0x00000000a4d00000|  0%| F|  |TAMS 0x00000000a4c00000, 0x00000000a4c00000| Untracked 
|  43|0x00000000a4d00000, 0x00000000a4d00000, 0x00000000a4e00000|  0%| F|  |TAMS 0x00000000a4d00000, 0x00000000a4d00000| Untracked 
|  44|0x00000000a4e00000, 0x00000000a4e00000, 0x00000000a4f00000|  0%| F|  |TAMS 0x00000000a4e00000, 0x00000000a4e00000| Untracked 
|  45|0x00000000a4f00000, 0x00000000a4f00000, 0x00000000a5000000|  0%| F|  |TAMS 0x00000000a4f00000, 0x00000000a4f00000| Untracked 
|  46|0x00000000a5000000, 0x00000000a5000000, 0x00000000a5100000|  0%| F|  |TAMS 0x00000000a5000000, 0x00000000a5000000| Untracked 
|  47|0x00000000a5100000, 0x00000000a5100000, 0x00000000a5200000|  0%| F|  |TAMS 0x00000000a5100000, 0x00000000a5100000| Untracked 
|  48|0x00000000a5200000, 0x00000000a5200000, 0x00000000a5300000|  0%| F|  |TAMS 0x00000000a5200000, 0x00000000a5200000| Untracked 
|  49|0x00000000a5300000, 0x00000000a5300000, 0x00000000a5400000|  0%| F|  |TAMS 0x00000000a5300000, 0x00000000a5300000| Untracked 
|  50|0x00000000a5400000, 0x00000000a5400000, 0x00000000a5500000|  0%| F|  |TAMS 0x00000000a5400000, 0x00000000a5400000| Untracked 
|  51|0x00000000a5500000, 0x00000000a5500000, 0x00000000a5600000|  0%| F|  |TAMS 0x00000000a5500000, 0x00000000a5500000| Untracked 
|  52|0x00000000a5600000, 0x00000000a5600000, 0x00000000a5700000|  0%| F|  |TAMS 0x00000000a5600000, 0x00000000a5600000| Untracked 
|  53|0x00000000a5700000, 0x00000000a5700000, 0x00000000a5800000|  0%| F|  |TAMS 0x00000000a5700000, 0x00000000a5700000| Untracked 
|  54|0x00000000a5800000, 0x00000000a5800000, 0x00000000a5900000|  0%| F|  |TAMS 0x00000000a5800000, 0x00000000a5800000| Untracked 
|  55|0x00000000a5900000, 0x00000000a5900000, 0x00000000a5a00000|  0%| F|  |TAMS 0x00000000a5900000, 0x00000000a5900000| Untracked 
|  56|0x00000000a5a00000, 0x00000000a5a00000, 0x00000000a5b00000|  0%| F|  |TAMS 0x00000000a5a00000, 0x00000000a5a00000| Untracked 
|  57|0x00000000a5b00000, 0x00000000a5b00000, 0x00000000a5c00000|  0%| F|  |TAMS 0x00000000a5b00000, 0x00000000a5b00000| Untracked 
|  58|0x00000000a5c00000, 0x00000000a5c00000, 0x00000000a5d00000|  0%| F|  |TAMS 0x00000000a5c00000, 0x00000000a5c00000| Untracked 
|  59|0x00000000a5d00000, 0x00000000a5d00000, 0x00000000a5e00000|  0%| F|  |TAMS 0x00000000a5d00000, 0x00000000a5d00000| Untracked 
|  60|0x00000000a5e00000, 0x00000000a5e00000, 0x00000000a5f00000|  0%| F|  |TAMS 0x00000000a5e00000, 0x00000000a5e00000| Untracked 
|  61|0x00000000a5f00000, 0x00000000a5f00000, 0x00000000a6000000|  0%| F|  |TAMS 0x00000000a5f00000, 0x00000000a5f00000| Untracked 
|  62|0x00000000a6000000, 0x00000000a60ffb60, 0x00000000a6100000| 99%| S|CS|TAMS 0x00000000a6000000, 0x00000000a6000000| Complete 
|  63|0x00000000a6100000, 0x00000000a6200000, 0x00000000a6200000|100%| S|CS|TAMS 0x00000000a6100000, 0x00000000a6100000| Complete 
|  64|0x00000000a6200000, 0x00000000a6300000, 0x00000000a6300000|100%| S|CS|TAMS 0x00000000a6200000, 0x00000000a6200000| Complete 
|  65|0x00000000a6300000, 0x00000000a6300000, 0x00000000a6400000|  0%| F|  |TAMS 0x00000000a6300000, 0x00000000a6300000| Untracked 
|  66|0x00000000a6400000, 0x00000000a6400000, 0x00000000a6500000|  0%| F|  |TAMS 0x00000000a6400000, 0x00000000a6400000| Untracked 
|  67|0x00000000a6500000, 0x00000000a6500000, 0x00000000a6600000|  0%| F|  |TAMS 0x00000000a6500000, 0x00000000a6500000| Untracked 
|  68|0x00000000a6600000, 0x00000000a66caf10, 0x00000000a6700000| 79%| E|  |TAMS 0x00000000a6600000, 0x00000000a6600000| Complete 
|  69|0x00000000a6700000, 0x00000000a6800000, 0x00000000a6800000|100%| E|  |TAMS 0x00000000a6700000, 0x00000000a6700000| Complete 
|  70|0x00000000a6800000, 0x00000000a6900000, 0x00000000a6900000|100%| E|CS|TAMS 0x00000000a6800000, 0x00000000a6800000| Complete 
|  71|0x00000000a6900000, 0x00000000a6a00000, 0x00000000a6a00000|100%| E|CS|TAMS 0x00000000a6900000, 0x00000000a6900000| Complete 
|  72|0x00000000a6a00000, 0x00000000a6b00000, 0x00000000a6b00000|100%| E|CS|TAMS 0x00000000a6a00000, 0x00000000a6a00000| Complete 
|  73|0x00000000a6b00000, 0x00000000a6c00000, 0x00000000a6c00000|100%| E|CS|TAMS 0x00000000a6b00000, 0x00000000a6b00000| Complete 
|  74|0x00000000a6c00000, 0x00000000a6d00000, 0x00000000a6d00000|100%| E|CS|TAMS 0x00000000a6c00000, 0x00000000a6c00000| Complete 
|  75|0x00000000a6d00000, 0x00000000a6e00000, 0x00000000a6e00000|100%| E|CS|TAMS 0x00000000a6d00000, 0x00000000a6d00000| Complete 
|  76|0x00000000a6e00000, 0x00000000a6f00000, 0x00000000a6f00000|100%| E|CS|TAMS 0x00000000a6e00000, 0x00000000a6e00000| Complete 
|  77|0x00000000a6f00000, 0x00000000a7000000, 0x00000000a7000000|100%| E|CS|TAMS 0x00000000a6f00000, 0x00000000a6f00000| Complete 
|  78|0x00000000a7000000, 0x00000000a7100000, 0x00000000a7100000|100%| E|CS|TAMS 0x00000000a7000000, 0x00000000a7000000| Complete 
|  79|0x00000000a7100000, 0x00000000a7200000, 0x00000000a7200000|100%| E|CS|TAMS 0x00000000a7100000, 0x00000000a7100000| Complete 
|  80|0x00000000a7200000, 0x00000000a7300000, 0x00000000a7300000|100%| E|CS|TAMS 0x00000000a7200000, 0x00000000a7200000| Complete 
|  81|0x00000000a7300000, 0x00000000a7400000, 0x00000000a7400000|100%| E|CS|TAMS 0x00000000a7300000, 0x00000000a7300000| Complete 
|  82|0x00000000a7400000, 0x00000000a7500000, 0x00000000a7500000|100%| E|CS|TAMS 0x00000000a7400000, 0x00000000a7400000| Complete 
|  83|0x00000000a7500000, 0x00000000a7600000, 0x00000000a7600000|100%| E|CS|TAMS 0x00000000a7500000, 0x00000000a7500000| Complete 
|  84|0x00000000a7600000, 0x00000000a7700000, 0x00000000a7700000|100%| E|CS|TAMS 0x00000000a7600000, 0x00000000a7600000| Complete 
|  85|0x00000000a7700000, 0x00000000a7800000, 0x00000000a7800000|100%| E|CS|TAMS 0x00000000a7700000, 0x00000000a7700000| Complete 
|  86|0x00000000a7800000, 0x00000000a7900000, 0x00000000a7900000|100%| E|CS|TAMS 0x00000000a7800000, 0x00000000a7800000| Complete 
|  87|0x00000000a7900000, 0x00000000a7a00000, 0x00000000a7a00000|100%| E|CS|TAMS 0x00000000a7900000, 0x00000000a7900000| Complete 
|  88|0x00000000a7a00000, 0x00000000a7b00000, 0x00000000a7b00000|100%| E|CS|TAMS 0x00000000a7a00000, 0x00000000a7a00000| Complete 
|  89|0x00000000a7b00000, 0x00000000a7c00000, 0x00000000a7c00000|100%| E|CS|TAMS 0x00000000a7b00000, 0x00000000a7b00000| Complete 
|  90|0x00000000a7c00000, 0x00000000a7d00000, 0x00000000a7d00000|100%| E|CS|TAMS 0x00000000a7c00000, 0x00000000a7c00000| Complete 
|  91|0x00000000a7d00000, 0x00000000a7e00000, 0x00000000a7e00000|100%| E|CS|TAMS 0x00000000a7d00000, 0x00000000a7d00000| Complete 
|  92|0x00000000a7e00000, 0x00000000a7f00000, 0x00000000a7f00000|100%| E|CS|TAMS 0x00000000a7e00000, 0x00000000a7e00000| Complete 
|  93|0x00000000a7f00000, 0x00000000a8000000, 0x00000000a8000000|100%| E|CS|TAMS 0x00000000a7f00000, 0x00000000a7f00000| Complete 

Card table byte_map: [0x0000019e52060000,0x0000019e52350000] _byte_map_base: 0x0000019e51b4f000

Marking Bits (Prev, Next): (CMBitMap*) 0x0000019e3acaab70, (CMBitMap*) 0x0000019e3acaabb0
 Prev Bits: [0x0000019e52640000, 0x0000019e53db8000)
 Next Bits: [0x0000019e53dc0000, 0x0000019e55538000)

Polling page: 0x0000019e3a420000

Metaspace:

Usage:
  Non-class:     14.66 MB used.
      Class:      2.03 MB used.
       Both:     16.69 MB used.

Virtual space:
  Non-class space:       64.00 MB reserved,      14.81 MB ( 23%) committed,  1 nodes.
      Class space:        1.00 GB reserved,       2.12 MB ( <1%) committed,  1 nodes.
             Both:        1.06 GB reserved,      16.94 MB (  2%) committed. 

Chunk freelists:
   Non-Class:  992.00 KB
       Class:  13.88 MB
        Both:  14.84 MB

MaxMetaspaceSize: unlimited
CompressedClassSpaceSize: 1.00 GB
Initial GC threshold: 21.00 MB
Current GC threshold: 21.00 MB
CDS: on
MetaspaceReclaimPolicy: balanced
 - commit_granule_bytes: 65536.
 - commit_granule_words: 8192.
 - virtual_space_node_default_size: 8388608.
 - enlarge_chunks_in_place: 1.
 - new_chunks_are_fully_committed: 0.
 - uncommit_free_chunks: 1.
 - use_allocation_guard: 0.
 - handle_deallocations: 1.


Internal statistics:

num_allocs_failed_limit: 0.
num_arena_births: 178.
num_arena_deaths: 0.
num_vsnodes_births: 2.
num_vsnodes_deaths: 0.
num_space_committed: 271.
num_space_uncommitted: 0.
num_chunks_returned_to_freelist: 0.
num_chunks_taken_from_freelist: 720.
num_chunk_merges: 0.
num_chunk_splits: 493.
num_chunks_enlarged: 401.
num_purges: 0.
num_inconsistent_stats: 0.

CodeHeap 'non-profiled nmethods': size=119168Kb used=798Kb max_used=798Kb free=118370Kb
 bounds [0x0000019e4a090000, 0x0000019e4a300000, 0x0000019e514f0000]
CodeHeap 'profiled nmethods': size=119104Kb used=4375Kb max_used=4375Kb free=114728Kb
 bounds [0x0000019e424f0000, 0x0000019e42940000, 0x0000019e49940000]
CodeHeap 'non-nmethods': size=7488Kb used=2310Kb max_used=2330Kb free=5177Kb
 bounds [0x0000019e49940000, 0x0000019e49bb0000, 0x0000019e4a090000]
 total_blobs=2696 nmethods=2218 adapters=388
 compilation: enabled
              stopped_count=0, restarted_count=0
 full_count=0

Compilation events (20 events):
Event: 3.655 Thread 0x0000019e584aff60 2213       3       org.springframework.boot.context.properties.source.ConfigurationPropertyName::isIndexed (12 bytes)
Event: 3.655 Thread 0x0000019e584aff60 nmethod 2213 0x0000019e42926f10 code [0x0000019e429270c0, 0x0000019e42927298]
Event: 3.676 Thread 0x0000019e586d7e40 2215       3       java.util.ArrayDeque::addFirst (51 bytes)
Event: 3.677 Thread 0x0000019e586d7e40 nmethod 2215 0x0000019e42927410 code [0x0000019e429275e0, 0x0000019e42927ab8]
Event: 3.678 Thread 0x0000019e586d7e40 2218       3       java.nio.ByteBuffer::array (35 bytes)
Event: 3.678 Thread 0x0000019e586d8400 2219       3       java.lang.StringLatin1::toChars (16 bytes)
Event: 3.679 Thread 0x0000019e586d8400 nmethod 2219 0x0000019e42927c10 code [0x0000019e42927dc0, 0x0000019e42927fa8]
Event: 3.679 Thread 0x0000019e586d7e40 nmethod 2218 0x0000019e42928090 code [0x0000019e42928260, 0x0000019e42928538]
Event: 3.679 Thread 0x0000019e586d7e40 2221       3       org.springframework.util.StringUtils::delimitedListToStringArray (164 bytes)
Event: 3.679 Thread 0x0000019e586d8400 2220       3       org.springframework.util.StringUtils::delimitedListToStringArray (7 bytes)
Event: 3.679 Thread 0x0000019e586d8400 nmethod 2220 0x0000019e42928690 code [0x0000019e42928820, 0x0000019e42928948]
Event: 3.680 Thread 0x0000019e586d8400 2222       3       java.io.WinNTFileSystem::normalizePrefix (132 bytes)
Event: 3.682 Thread 0x0000019e586d7e40 nmethod 2221 0x0000019e42928a10 code [0x0000019e42928e00, 0x0000019e4292ad28]
Event: 3.683 Thread 0x0000019e586d8400 nmethod 2222 0x0000019e4292b810 code [0x0000019e4292bc40, 0x0000019e4292dcc8]
Event: 3.689 Thread 0x0000019e586d8400 2224 %     3       java.util.Properties::load0 @ 29 (249 bytes)
Event: 3.691 Thread 0x0000019e586d8400 nmethod 2224% 0x0000019e4292e910 code [0x0000019e4292eb60, 0x0000019e4292f8c8]
Event: 3.692 Thread 0x0000019e586d8400 2225       3       java.util.Properties::load0 (249 bytes)
Event: 3.693 Thread 0x0000019e586d8400 nmethod 2225 0x0000019e4292fd90 code [0x0000019e4292ffe0, 0x0000019e42930be8]
Event: 3.719 Thread 0x0000019e586d8400 2226       3       java.util.ArrayDeque::add (7 bytes)
Event: 3.720 Thread 0x0000019e586d8400 nmethod 2226 0x0000019e42931010 code [0x0000019e429311a0, 0x0000019e42931368]

GC Heap History (4 events):
Event: 1.435 GC heap before
{Heap before GC invocations=0 (full 0):
 garbage-first heap   total 96256K, used 24576K [0x00000000a2200000, 0x0000000100000000)
  region size 1024K, 23 young (23552K), 0 survivors (0K)
 Metaspace       used 4601K, committed 4736K, reserved 1114112K
  class space    used 490K, committed 576K, reserved 1048576K
}
Event: 1.448 GC heap after
{Heap after GC invocations=1 (full 0):
 garbage-first heap   total 96256K, used 8400K [0x00000000a2200000, 0x0000000100000000)
  region size 1024K, 3 young (3072K), 3 survivors (3072K)
 Metaspace       used 4601K, committed 4736K, reserved 1114112K
  class space    used 490K, committed 576K, reserved 1048576K
}
Event: 3.116 GC heap before
{Heap before GC invocations=1 (full 0):
 garbage-first heap   total 96256K, used 34000K [0x00000000a2200000, 0x0000000100000000)
  region size 1024K, 29 young (29696K), 3 survivors (3072K)
 Metaspace       used 11049K, committed 11264K, reserved 1114112K
  class space    used 1367K, committed 1472K, reserved 1048576K
}
Event: 3.125 GC heap after
{Heap after GC invocations=2 (full 0):
 garbage-first heap   total 96256K, used 11555K [0x00000000a2200000, 0x0000000100000000)
  region size 1024K, 3 young (3072K), 3 survivors (3072K)
 Metaspace       used 11049K, committed 11264K, reserved 1114112K
  class space    used 1367K, committed 1472K, reserved 1048576K
}

Deoptimization events (20 events):
Event: 3.686 Thread 0x0000019e9e41a840 DEOPT PACKING pc=0x0000019e42642bb1 sp=0x0000003d3d6fd8b0
Event: 3.686 Thread 0x0000019e9e41a840 DEOPT UNPACKING pc=0x0000019e49992b43 sp=0x0000003d3d6fcda8 mode 0
Event: 3.687 Thread 0x0000019e9e41a840 DEOPT PACKING pc=0x0000019e42642bb1 sp=0x0000003d3d6fd8b0
Event: 3.687 Thread 0x0000019e9e41a840 DEOPT UNPACKING pc=0x0000019e49992b43 sp=0x0000003d3d6fcda8 mode 0
Event: 3.688 Thread 0x0000019e9e41a840 DEOPT PACKING pc=0x0000019e42642bb1 sp=0x0000003d3d6fd8b0
Event: 3.688 Thread 0x0000019e9e41a840 DEOPT UNPACKING pc=0x0000019e49992b43 sp=0x0000003d3d6fcda8 mode 0
Event: 3.689 Thread 0x0000019e9e41a840 DEOPT PACKING pc=0x0000019e42642bb1 sp=0x0000003d3d6fd8b0
Event: 3.689 Thread 0x0000019e9e41a840 DEOPT UNPACKING pc=0x0000019e49992b43 sp=0x0000003d3d6fcda8 mode 0
Event: 3.690 Thread 0x0000019e9e41a840 DEOPT PACKING pc=0x0000019e42642bb1 sp=0x0000003d3d6fd8b0
Event: 3.690 Thread 0x0000019e9e41a840 DEOPT UNPACKING pc=0x0000019e49992b43 sp=0x0000003d3d6fcda8 mode 0
Event: 3.691 Thread 0x0000019e9e41a840 DEOPT PACKING pc=0x0000019e42642bb1 sp=0x0000003d3d6fd850
Event: 3.691 Thread 0x0000019e9e41a840 DEOPT UNPACKING pc=0x0000019e49992b43 sp=0x0000003d3d6fcd40 mode 0
Event: 3.691 Thread 0x0000019e9e41a840 DEOPT PACKING pc=0x0000019e42642bb1 sp=0x0000003d3d6fd850
Event: 3.691 Thread 0x0000019e9e41a840 DEOPT UNPACKING pc=0x0000019e49992b43 sp=0x0000003d3d6fcd40 mode 0
Event: 3.692 Thread 0x0000019e9e41a840 DEOPT PACKING pc=0x0000019e42642bb1 sp=0x0000003d3d6fd850
Event: 3.692 Thread 0x0000019e9e41a840 DEOPT UNPACKING pc=0x0000019e49992b43 sp=0x0000003d3d6fcd40 mode 0
Event: 3.692 Thread 0x0000019e9e41a840 DEOPT PACKING pc=0x0000019e42642bb1 sp=0x0000003d3d6fd850
Event: 3.692 Thread 0x0000019e9e41a840 DEOPT UNPACKING pc=0x0000019e49992b43 sp=0x0000003d3d6fcd40 mode 0
Event: 3.693 Thread 0x0000019e9e41a840 DEOPT PACKING pc=0x0000019e42642bb1 sp=0x0000003d3d6fd850
Event: 3.693 Thread 0x0000019e9e41a840 DEOPT UNPACKING pc=0x0000019e49992b43 sp=0x0000003d3d6fcd40 mode 0

Classes unloaded (0 events):
No events

Classes redefined (0 events):
No events

Internal exceptions (20 events):
Event: 3.536 Thread 0x0000019e9e41a840 Exception <a 'java/lang/IncompatibleClassChangeError'{0x00000000a6f31a30}: Found class java.lang.Object, but interface was expected> (0x00000000a6f31a30) 
thrown [s\open\src\hotspot\share\interpreter\linkResolver.cpp, line 826]
Event: 3.546 Thread 0x0000019e9e41a840 Exception <a 'java/lang/ClassNotFoundException'{0x00000000a6f4ac80}: org/springframework/context/annotation/ConfigurationClassPostProcessorCustomizer> (0x00000000a6f4ac80) 
thrown [s\open\src\hotspot\share\classfile\systemDictionary.cpp, line 256]
Event: 3.550 Thread 0x0000019e9e41a840 Exception <a 'java/lang/ClassNotFoundException'{0x00000000a6eaa9c8}: org/springframework/beans/factory/support/BeanDefinitionRegistryPostProcessorCustomizer> (0x00000000a6eaa9c8) 
thrown [s\open\src\hotspot\share\classfile\systemDictionary.cpp, line 256]
Event: 3.551 Thread 0x0000019e9e41a840 Exception <a 'java/lang/ClassNotFoundException'{0x00000000a6eafde0}: org/springframework/beans/factory/config/BeanFactoryPostProcessorCustomizer> (0x00000000a6eafde0) 
thrown [s\open\src\hotspot\share\classfile\systemDictionary.cpp, line 256]
Event: 3.553 Thread 0x0000019e9e41a840 Exception <a 'java/lang/ClassNotFoundException'{0x00000000a6eb4f10}: org/springframework/core/PriorityOrderedCustomizer> (0x00000000a6eb4f10) 
thrown [s\open\src\hotspot\share\classfile\systemDictionary.cpp, line 256]
Event: 3.554 Thread 0x0000019e9e41a840 Exception <a 'java/lang/ClassNotFoundException'{0x00000000a6eb8c48}: org/springframework/core/OrderedCustomizer> (0x00000000a6eb8c48) 
thrown [s\open\src\hotspot\share\classfile\systemDictionary.cpp, line 256]
Event: 3.555 Thread 0x0000019e9e41a840 Exception <a 'java/lang/ClassNotFoundException'{0x00000000a6ebdc48}: org/springframework/context/ResourceLoaderAwareCustomizer> (0x00000000a6ebdc48) 
thrown [s\open\src\hotspot\share\classfile\systemDictionary.cpp, line 256]
Event: 3.556 Thread 0x0000019e9e41a840 Exception <a 'java/lang/ClassNotFoundException'{0x00000000a6ec2d50}: org/springframework/beans/factory/AwareCustomizer> (0x00000000a6ec2d50) 
thrown [s\open\src\hotspot\share\classfile\systemDictionary.cpp, line 256]
Event: 3.557 Thread 0x0000019e9e41a840 Exception <a 'java/lang/ClassNotFoundException'{0x00000000a6ec6ed0}: org/springframework/context/ApplicationStartupAwareCustomizer> (0x00000000a6ec6ed0) 
thrown [s\open\src\hotspot\share\classfile\systemDictionary.cpp, line 256]
Event: 3.558 Thread 0x0000019e9e41a840 Exception <a 'java/lang/ClassNotFoundException'{0x00000000a6ecc260}: org/springframework/beans/factory/AwareCustomizer> (0x00000000a6ecc260) 
thrown [s\open\src\hotspot\share\classfile\systemDictionary.cpp, line 256]
Event: 3.559 Thread 0x0000019e9e41a840 Exception <a 'java/lang/ClassNotFoundException'{0x00000000a6ed03e8}: org/springframework/beans/factory/BeanClassLoaderAwareCustomizer> (0x00000000a6ed03e8) 
thrown [s\open\src\hotspot\share\classfile\systemDictionary.cpp, line 256]
Event: 3.561 Thread 0x0000019e9e41a840 Exception <a 'java/lang/ClassNotFoundException'{0x00000000a6ed54d8}: org/springframework/beans/factory/AwareCustomizer> (0x00000000a6ed54d8) 
thrown [s\open\src\hotspot\share\classfile\systemDictionary.cpp, line 256]
Event: 3.562 Thread 0x0000019e9e41a840 Exception <a 'java/lang/ClassNotFoundException'{0x00000000a6ed93d0}: org/springframework/context/EnvironmentAwareCustomizer> (0x00000000a6ed93d0) 
thrown [s\open\src\hotspot\share\classfile\systemDictionary.cpp, line 256]
Event: 3.563 Thread 0x0000019e9e41a840 Exception <a 'java/lang/ClassNotFoundException'{0x00000000a6ede458}: org/springframework/beans/factory/AwareCustomizer> (0x00000000a6ede458) 
thrown [s\open\src\hotspot\share\classfile\systemDictionary.cpp, line 256]
Event: 3.617 Thread 0x0000019e9e762110 Exception <a 'java/lang/NoSuchMethodError'{0x00000000a6b9c458}: 'long java.lang.invoke.DirectMethodHandle$Holder.invokeSpecial(java.lang.Object, java.lang.Object)'> (0x00000000a6b9c458) 
thrown [s\open\src\hotspot\share\interpreter\linkResolver.cpp, line 759]
Event: 3.619 Thread 0x0000019e9e762110 Exception <a 'java/lang/NoSuchMethodError'{0x00000000a6ba7328}: 'long java.lang.invoke.DirectMethodHandle$Holder.invokeStatic(java.lang.Object, java.lang.Object)'> (0x00000000a6ba7328) 
thrown [s\open\src\hotspot\share\interpreter\linkResolver.cpp, line 759]
Event: 3.620 Thread 0x0000019e9e762110 Exception <a 'java/lang/NoSuchMethodError'{0x00000000a6baac40}: 'long java.lang.invoke.DirectMethodHandle$Holder.invokeStaticInit(java.lang.Object, java.lang.Object)'> (0x00000000a6baac40) 
thrown [s\open\src\hotspot\share\interpreter\linkResolver.cpp, line 759]
Event: 3.623 Thread 0x0000019e9e762110 Exception <a 'java/lang/NoSuchMethodError'{0x00000000a6bb87e8}: 'long java.lang.invoke.DirectMethodHandle$Holder.invokeInterface(java.lang.Object, java.lang.Object)'> (0x00000000a6bb87e8) 
thrown [s\open\src\hotspot\share\interpreter\linkResolver.cpp, line 759]
Event: 3.623 Thread 0x0000019e9e762110 Exception <a 'java/lang/IncompatibleClassChangeError'{0x00000000a6bbbd78}: Found class java.lang.Object, but interface was expected> (0x00000000a6bbbd78) 
thrown [s\open\src\hotspot\share\interpreter\linkResolver.cpp, line 826]
Event: 3.642 Thread 0x0000019e9e762110 Exception <a 'java/lang/NoSuchMethodError'{0x00000000a6aae600}: 'java.lang.Object java.lang.invoke.DirectMethodHandle$Holder.invokeVirtual(java.lang.Object, java.lang.Object, java.lang.Object, java.lang.Object)'> (0x00000000a6aae600) 
thrown [s\open\src\hotspot\share\interpreter\linkResolver.cpp, line 759]

VM Operations (20 events):
Event: 1.822 Executing VM operation: HandshakeAllThreads
Event: 1.822 Executing VM operation: HandshakeAllThreads done
Event: 1.822 Executing VM operation: HandshakeAllThreads
Event: 1.822 Executing VM operation: HandshakeAllThreads done
Event: 2.030 Executing VM operation: HandshakeAllThreads
Event: 2.030 Executing VM operation: HandshakeAllThreads done
Event: 2.086 Executing VM operation: HandshakeAllThreads
Event: 2.086 Executing VM operation: HandshakeAllThreads done
Event: 2.759 Executing VM operation: HandshakeAllThreads
Event: 2.759 Executing VM operation: HandshakeAllThreads done
Event: 2.759 Executing VM operation: Cleanup
Event: 2.759 Executing VM operation: Cleanup done
Event: 3.116 Executing VM operation: G1CollectForAllocation
Event: 3.125 Executing VM operation: G1CollectForAllocation done
Event: 3.447 Executing VM operation: HandshakeAllThreads
Event: 3.447 Executing VM operation: HandshakeAllThreads done
Event: 3.540 Executing VM operation: HandshakeAllThreads
Event: 3.541 Executing VM operation: HandshakeAllThreads done
Event: 3.589 Executing VM operation: HandshakeAllThreads
Event: 3.589 Executing VM operation: HandshakeAllThreads done

Events (20 events):
Event: 3.541 loading class java/beans/BeanProperty
Event: 3.541 loading class java/beans/BeanProperty done
Event: 3.541 loading class jdk/internal/vm/annotation/IntrinsicCandidate
Event: 3.541 loading class jdk/internal/vm/annotation/IntrinsicCandidate done
Event: 3.543 loading class com/sun/beans/introspect/PropertyInfo$Name
Event: 3.543 loading class com/sun/beans/introspect/PropertyInfo$Name done
Event: 3.544 loading class java/beans/GenericBeanInfo
Event: 3.544 loading class java/beans/SimpleBeanInfo
Event: 3.545 loading class java/beans/SimpleBeanInfo done
Event: 3.545 loading class java/beans/GenericBeanInfo done
Event: 3.547 loading class java/util/Hashtable$EntrySet
Event: 3.547 loading class java/util/Hashtable$EntrySet done
Event: 3.585 loading class java/net/SocketException
Event: 3.585 loading class java/net/SocketException done
Event: 3.597 loading class java/util/regex/Pattern$Pos
Event: 3.598 loading class java/util/regex/Pattern$Pos done
Event: 3.613 loading class java/util/regex/Pattern$LazyLoop
Event: 3.613 loading class java/util/regex/Pattern$LazyLoop done
Event: 3.647 Thread 0x0000019e9e762110 Thread exited: 0x0000019e9e762110
Event: 3.701 Thread 0x0000019e9ec559e0 Thread added: 0x0000019e9ec559e0


Dynamic libraries:
0x00007ff772bc0000 - 0x00007ff772bd0000 	C:\Program Files\Java\jdk-17\bin\java.exe
0x00007ffa8bd70000 - 0x00007ffa8bf87000 	C:\WINDOWS\SYSTEM32\ntdll.dll
0x00007ffa47220000 - 0x00007ffa47239000 	C:\Program Files\Avast Software\Avast\aswhook.dll
0x00007ffa8b280000 - 0x00007ffa8b344000 	C:\WINDOWS\System32\KERNEL32.DLL
0x00007ffa89320000 - 0x00007ffa896c6000 	C:\WINDOWS\System32\KERNELBASE.dll
0x00007ffa898e0000 - 0x00007ffa899f1000 	C:\WINDOWS\System32\ucrtbase.dll
0x00007ffa7c250000 - 0x00007ffa7c26b000 	C:\Program Files\Java\jdk-17\bin\VCRUNTIME140.dll
0x00007ffa7bdc0000 - 0x00007ffa7bdd9000 	C:\Program Files\Java\jdk-17\bin\jli.dll
0x00007ffa89e50000 - 0x00007ffa89f01000 	C:\WINDOWS\System32\ADVAPI32.dll
0x00007ffa8b450000 - 0x00007ffa8b4f7000 	C:\WINDOWS\System32\msvcrt.dll
0x00007ffa8bb70000 - 0x00007ffa8bc15000 	C:\WINDOWS\System32\sechost.dll
0x00007ffa89f10000 - 0x00007ffa8a027000 	C:\WINDOWS\System32\RPCRT4.dll
0x00007ffa8a050000 - 0x00007ffa8a1fe000 	C:\WINDOWS\System32\USER32.dll
0x00007ffa89840000 - 0x00007ffa89866000 	C:\WINDOWS\System32\win32u.dll
0x00007ffa8ad20000 - 0x00007ffa8ad49000 	C:\WINDOWS\System32\GDI32.dll
0x00007ffa89200000 - 0x00007ffa89318000 	C:\WINDOWS\System32\gdi32full.dll
0x00007ffa71900000 - 0x00007ffa71b93000 	C:\WINDOWS\WinSxS\amd64_microsoft.windows.common-controls_6595b64144ccf1df_6.0.22621.2506_none_270c5ae97388e100\COMCTL32.dll
0x00007ffa890e0000 - 0x00007ffa8917a000 	C:\WINDOWS\System32\msvcp_win.dll
0x00007ffa7efa0000 - 0x00007ffa7efaa000 	C:\WINDOWS\SYSTEM32\VERSION.dll
0x00007ffa8a470000 - 0x00007ffa8a4a1000 	C:\WINDOWS\System32\IMM32.DLL
0x00007ffa7c2f0000 - 0x00007ffa7c2fc000 	C:\Program Files\Java\jdk-17\bin\vcruntime140_1.dll
0x00007ffa30ef0000 - 0x00007ffa30f7e000 	C:\Program Files\Java\jdk-17\bin\msvcp140.dll
0x00007ff9c3b80000 - 0x00007ff9c475e000 	C:\Program Files\Java\jdk-17\bin\server\jvm.dll
0x00007ffa8a200000 - 0x00007ffa8a208000 	C:\WINDOWS\System32\PSAPI.DLL
0x00007ffa80640000 - 0x00007ffa80674000 	C:\WINDOWS\SYSTEM32\WINMM.dll
0x00007ffa7ed60000 - 0x00007ffa7ed69000 	C:\WINDOWS\SYSTEM32\WSOCK32.dll
0x00007ffa8a300000 - 0x00007ffa8a371000 	C:\WINDOWS\System32\WS2_32.dll
0x00007ffa880b0000 - 0x00007ffa880c8000 	C:\WINDOWS\SYSTEM32\kernel.appcore.dll
0x00007ffa7c2a0000 - 0x00007ffa7c2aa000 	C:\Program Files\Java\jdk-17\bin\jimage.dll
0x00007ffa86ab0000 - 0x00007ffa86ce3000 	C:\WINDOWS\SYSTEM32\DBGHELP.DLL
0x00007ffa8ad50000 - 0x00007ffa8b0d9000 	C:\WINDOWS\System32\combase.dll
0x00007ffa8a390000 - 0x00007ffa8a467000 	C:\WINDOWS\System32\OLEAUT32.dll
0x00007ffa7dc30000 - 0x00007ffa7dc62000 	C:\WINDOWS\SYSTEM32\dbgcore.DLL
0x00007ffa89180000 - 0x00007ffa891fa000 	C:\WINDOWS\System32\bcryptPrimitives.dll
0x00007ffa84390000 - 0x00007ffa8439e000 	C:\Program Files\Java\jdk-17\bin\instrument.dll
0x00007ffa741b0000 - 0x00007ffa741d5000 	C:\Program Files\Java\jdk-17\bin\java.dll
0x00007ffa30e10000 - 0x00007ffa30ee7000 	C:\Program Files\Java\jdk-17\bin\jsvml.dll
0x00007ffa8a4b0000 - 0x00007ffa8ad0a000 	C:\WINDOWS\System32\SHELL32.dll
0x00007ffa86fb0000 - 0x00007ffa878a6000 	C:\WINDOWS\SYSTEM32\windows.storage.dll
0x00007ffa86e70000 - 0x00007ffa86fae000 	C:\WINDOWS\SYSTEM32\wintypes.dll
0x00007ffa8b350000 - 0x00007ffa8b443000 	C:\WINDOWS\System32\SHCORE.dll
0x00007ffa8bc20000 - 0x00007ffa8bc7e000 	C:\WINDOWS\System32\shlwapi.dll
0x00007ffa89010000 - 0x00007ffa89036000 	C:\WINDOWS\SYSTEM32\profapi.dll
0x00007ffa66f40000 - 0x00007ffa66f58000 	C:\Program Files\Java\jdk-17\bin\zip.dll
0x00007ffa69250000 - 0x00007ffa69269000 	C:\Program Files\Java\jdk-17\bin\net.dll
0x00007ffa81410000 - 0x00007ffa81547000 	C:\WINDOWS\SYSTEM32\WINHTTP.dll
0x00007ffa88540000 - 0x00007ffa885a9000 	C:\WINDOWS\system32\mswsock.dll
0x00007ffa66fa0000 - 0x00007ffa66fb6000 	C:\Program Files\Java\jdk-17\bin\nio.dll
0x00007ffa66d90000 - 0x00007ffa66daa000 	C:\Program Files\JetBrains\IntelliJ IDEA Educational Edition 2022.2.2\bin\breakgen64.dll
0x00007ffa6be00000 - 0x00007ffa6be10000 	C:\Program Files\Java\jdk-17\bin\verify.dll
0x00007ffa69240000 - 0x00007ffa6924a000 	C:\Program Files\Java\jdk-17\bin\management.dll
0x00007ffa66f20000 - 0x00007ffa66f2b000 	C:\Program Files\Java\jdk-17\bin\management_ext.dll
0x00007ffa87b10000 - 0x00007ffa87b3d000 	C:\WINDOWS\SYSTEM32\IPHLPAPI.DLL
0x00007ffa8ad10000 - 0x00007ffa8ad19000 	C:\WINDOWS\System32\NSI.dll
0x00007ffa81650000 - 0x00007ffa81669000 	C:\WINDOWS\SYSTEM32\dhcpcsvc6.DLL
0x00007ffa80940000 - 0x00007ffa8095f000 	C:\WINDOWS\SYSTEM32\dhcpcsvc.DLL
0x00007ffa87b80000 - 0x00007ffa87c79000 	C:\WINDOWS\SYSTEM32\DNSAPI.dll
0x00007ffa82410000 - 0x00007ffa8241a000 	C:\Windows\System32\rasadhlp.dll
0x00007ffa7fd30000 - 0x00007ffa7fdb3000 	C:\WINDOWS\System32\fwpuclnt.dll
0x00007ffa571e0000 - 0x00007ffa571f7000 	C:\WINDOWS\system32\napinsp.dll
0x00007ffa571c0000 - 0x00007ffa571db000 	C:\WINDOWS\system32\pnrpnsp.dll
0x00007ffa571a0000 - 0x00007ffa571b1000 	C:\WINDOWS\System32\winrnr.dll
0x00007ffa80540000 - 0x00007ffa80555000 	C:\WINDOWS\system32\wshbth.dll
0x00007ffa57170000 - 0x00007ffa57191000 	C:\WINDOWS\system32\nlansp_c.dll

dbghelp: loaded successfully - version: 4.0.5 - missing functions: none
symbol engine: initialized successfully - sym options: 0x614 - pdb path: .;C:\Program Files\Java\jdk-17\bin;C:\WINDOWS\SYSTEM32;C:\Program Files\Avast Software\Avast;C:\WINDOWS\WinSxS\amd64_microsoft.windows.common-controls_6595b64144ccf1df_6.0.22621.2506_none_270c5ae97388e100;C:\Program Files\Java\jdk-17\bin\server;C:\Program Files\JetBrains\IntelliJ IDEA Educational Edition 2022.2.2\bin

VM Arguments:
jvm_args: -javaagent:C:\Program Files\JetBrains\IntelliJ IDEA Educational Edition 2022.2.2\lib\idea_rt.jar=62198:C:\Program Files\JetBrains\IntelliJ IDEA Educational Edition 2022.2.2\bin -Dfile.encoding=UTF-8 
java_command: com.lira.msclientes.MsclientesApplication
java_class_path (initial): C:\Workspace\eureka\msclientes\target\classes;C:\Users\Zelto Lira\.m2\repository\org\springframework\boot\spring-boot-starter-web\2.6.5\spring-boot-starter-web-2.6.5.jar;C:\Users\Zelto Lira\.m2\repository\org\springframework\boot\spring-boot-starter\2.6.5\spring-boot-starter-2.6.5.jar;C:\Users\Zelto Lira\.m2\repository\org\springframework\boot\spring-boot-starter-logging\2.6.5\spring-boot-starter-logging-2.6.5.jar;C:\Users\Zelto Lira\.m2\repository\ch\qos\logback\logback-classic\1.2.11\logback-classic-1.2.11.jar;C:\Users\Zelto Lira\.m2\repository\ch\qos\logback\logback-core\1.2.11\logback-core-1.2.11.jar;C:\Users\Zelto Lira\.m2\repository\org\apache\logging\log4j\log4j-to-slf4j\2.17.2\log4j-to-slf4j-2.17.2.jar;C:\Users\Zelto Lira\.m2\repository\org\apache\logging\log4j\log4j-api\2.17.2\log4j-api-2.17.2.jar;C:\Users\Zelto Lira\.m2\repository\org\slf4j\jul-to-slf4j\1.7.36\jul-to-slf4j-1.7.36.jar;C:\Users\Zelto Lira\.m2\repository\jakarta\annotation\jakarta.annotation-api\1.3.5\jakarta.annotation-api-1.3.5.jar;C:\Users\Zelto Lira\.m2\repository\org\yaml\snakeyaml\1.29\snakeyaml-1.29.jar;C:\Users\Zelto Lira\.m2\repository\org\springframework\boot\spring-boot-starter-json\2.6.5\spring-boot-starter-json-2.6.5.jar;C:\Users\Zelto Lira\.m2\repository\com\fasterxml\jackson\core\jackson-databind\2.13.2\jackson-databind-2.13.2.jar;C:\Users\Zelto Lira\.m2\repository\com\fasterxml\jackson\datatype\jackson-datatype-jdk8\2.13.2\jackson-datatype-jdk8-2.13.2.jar;C:\Users\Zelto Lira\.m2\repository\com\fasterxml\jackson\datatype\jackson-datatype-jsr310\2.13.2\jackson-datatype-jsr310-2.13.2.jar;C:\Users\Zelto Lira\.m2\repository\com\fasterxml\jackson\module\jackson-module-parameter-names\2.13.2\jackson-module-parameter-names-2.13.2.jar;C:\Users\Zelto Lira\.m2\repository\org\springframework\boot\spring-boot-starter-tomcat\2.6.5\spring-boot-starter-tomcat-2.6.5.jar;C:\Users\Zelto Lira\.m2\repository\org\apache\tomcat\embed\tomcat-embed-core\9.0.60\tomcat-embed
Launcher Type: SUN_STANDARD

[Global flags]
     intx CICompilerCount                          = 12                                        {product} {ergonomic}
     uint ConcGCThreads                            = 3                                         {product} {ergonomic}
     uint G1ConcRefinementThreads                  = 13                                        {product} {ergonomic}
   size_t G1HeapRegionSize                         = 1048576                                   {product} {ergonomic}
    uintx GCDrainStackTargetSize                   = 64                                        {product} {ergonomic}
   size_t InitialHeapSize                          = 98566144                                  {product} {ergonomic}
   size_t MarkStackSize                            = 4194304                                   {product} {ergonomic}
   size_t MaxHeapSize                              = 1574961152                                {product} {ergonomic}
   size_t MaxNewSize                               = 944766976                                 {product} {ergonomic}
   size_t MinHeapDeltaBytes                        = 1048576                                   {product} {ergonomic}
   size_t MinHeapSize                              = 8388608                                   {product} {ergonomic}
    uintx NonNMethodCodeHeapSize                   = 7602480                                {pd product} {ergonomic}
    uintx NonProfiledCodeHeapSize                  = 122027880                              {pd product} {ergonomic}
    uintx ProfiledCodeHeapSize                     = 122027880                              {pd product} {ergonomic}
    uintx ReservedCodeCacheSize                    = 251658240                              {pd product} {ergonomic}
     bool SegmentedCodeCache                       = true                                      {product} {ergonomic}
   size_t SoftMaxHeapSize                          = 1574961152                             {manageable} {ergonomic}
     bool UseCompressedClassPointers               = true                           {product lp64_product} {ergonomic}
     bool UseCompressedOops                        = true                           {product lp64_product} {ergonomic}
     bool UseG1GC                                  = true                                      {product} {ergonomic}
     bool UseLargePagesIndividualAllocation        = false                                  {pd product} {ergonomic}

Logging:
Log output configuration:
 #0: stdout all=warning uptime,level,tags
 #1: stderr all=off uptime,level,tags

Environment Variables:
JAVA_HOME=C:\Program Files\Java\jdk-17
PATH=C:\Program Files\Common Files\Oracle\Java\javapath;C:\WINDOWS\system32;C:\WINDOWS;C:\WINDOWS\System32\Wbem;C:\WINDOWS\System32\WindowsPowerShell\v1.0\;C:\WINDOWS\System32\OpenSSH\;C:\Program Files\Java\jdk-11\bin;C:\Program Files\Git\cmd;C:\Program Files\Docker\Docker\resources\bin;C:\Users\Zelto Lira\AppData\Local\Microsoft\WindowsApps;C:\apache-maven-3.9.3\bin;C:\Program Files\JetBrains\IntelliJ IDEA Educational Edition 2022.2.2\bin;C:\Program Files\Java\jdk-17\bin;;C:\Program Files\Java\jdk-17\bin;
USERNAME=Zelto Lira
OS=Windows_NT
PROCESSOR_IDENTIFIER=AMD64 Family 23 Model 104 Stepping 1, AuthenticAMD



---------------  S Y S T E M  ---------------

OS:
 Windows 11 , 64 bit Build 22621 (10.0.22621.2506)
OS uptime: 1 days 1:33 hours
Hyper-V role detected

CPU: total 16 (initial active 16) (16 cores per cpu, 2 threads per core) family 23 model 104 stepping 1 microcode 0x0, cx8, cmov, fxsr, ht, mmx, 3dnowpref, sse, sse2, sse3, ssse3, sse4a, sse4.1, sse4.2, popcnt, lzcnt, tsc, tscinvbit, avx, avx2, aes, clmul, bmi1, bmi2, adx, sha, fma, vzeroupper, clflush, clflushopt, hv

Memory: 4k page, system-wide physical 6005M (290M free)
TotalPageFile size 24437M (AvailPageFile size 2M)
current process WorkingSet (physical memory assigned to process): 119M, peak: 119M
current process commit charge ("private bytes"): 225M, peak: 227M

vm_info: Java HotSpot(TM) 64-Bit Server VM (17.0.8+9-LTS-211) for windows-amd64 JRE (17.0.8+9-LTS-211), built on Jun 14 2023 10:34:31 by "mach5one" with MS VC++ 17.1 (VS2022)

END.
